[Thu, 30 Oct 2014 15:47:39 -0700] 

Initialize logger..
[Thu, 30 Oct 2014 15:47:39 -0700] In News Update Loop
[Thu, 30 Oct 2014 15:47:39 -0700] Checking if news feeds should be updated...
[Thu, 30 Oct 2014 15:47:39 -0700] No news update as SUBSEARCH_LINK define false.
[Thu, 30 Oct 2014 15:47:39 -0700] Ensure minimum loop time by sleeping...10
[Thu, 30 Oct 2014 15:47:49 -0700] Checking if news feeds should be updated...
[Thu, 30 Oct 2014 15:47:49 -0700] No news update as SUBSEARCH_LINK define false.
[Thu, 30 Oct 2014 15:47:49 -0700] Ensure minimum loop time by sleeping...10
[Thu, 30 Oct 2014 15:47:59 -0700] Checking if news feeds should be updated...
[Thu, 30 Oct 2014 15:47:59 -0700] No news update as SUBSEARCH_LINK define false.
[Thu, 30 Oct 2014 15:47:59 -0700] Ensure minimum loop time by sleeping...10
[Thu, 30 Oct 2014 15:48:09 -0700] Checking if news feeds should be updated...
[Thu, 30 Oct 2014 15:48:09 -0700] No news update as SUBSEARCH_LINK define false.
[Thu, 30 Oct 2014 15:48:09 -0700] Ensure minimum loop time by sleeping...10
[Thu, 30 Oct 2014 15:48:19 -0700] Checking if news feeds should be updated...
[Thu, 30 Oct 2014 15:48:19 -0700] No news update as SUBSEARCH_LINK define false.
[Thu, 30 Oct 2014 15:48:19 -0700] Ensure minimum loop time by sleeping...10
[Thu, 30 Oct 2014 15:48:29 -0700] Checking if news feeds should be updated...
[Thu, 30 Oct 2014 15:48:29 -0700] No news update as SUBSEARCH_LINK define false.
[Thu, 30 Oct 2014 15:48:29 -0700] Ensure minimum loop time by sleeping...10
[Thu, 30 Oct 2014 15:48:39 -0700] Checking if news feeds should be updated...
[Thu, 30 Oct 2014 15:48:39 -0700] No news update as SUBSEARCH_LINK define false.
[Thu, 30 Oct 2014 15:48:39 -0700] Ensure minimum loop time by sleeping...10
[Thu, 30 Oct 2014 15:48:49 -0700] Checking if news feeds should be updated...
[Thu, 30 Oct 2014 15:48:49 -0700] No news update as SUBSEARCH_LINK define false.
[Thu, 30 Oct 2014 15:48:49 -0700] Ensure minimum loop time by sleeping...10
[Thu, 30 Oct 2014 15:48:59 -0700] Checking if news feeds should be updated...
[Thu, 30 Oct 2014 15:48:59 -0700] No news update as SUBSEARCH_LINK define false.
[Thu, 30 Oct 2014 15:48:59 -0700] Ensure minimum loop time by sleeping...10
[Thu, 30 Oct 2014 15:49:09 -0700] Checking if news feeds should be updated...
[Thu, 30 Oct 2014 15:49:09 -0700] No news update as SUBSEARCH_LINK define false.
[Thu, 30 Oct 2014 15:49:09 -0700] Ensure minimum loop time by sleeping...10
[Thu, 30 Oct 2014 15:49:19 -0700] Checking if news feeds should be updated...
[Thu, 30 Oct 2014 15:49:19 -0700] No news update as SUBSEARCH_LINK define false.
[Thu, 30 Oct 2014 15:49:19 -0700] Ensure minimum loop time by sleeping...10
[Thu, 30 Oct 2014 15:49:29 -0700] Checking if news feeds should be updated...
[Thu, 30 Oct 2014 15:49:29 -0700] No news update as SUBSEARCH_LINK define false.
[Thu, 30 Oct 2014 15:49:29 -0700] Ensure minimum loop time by sleeping...10
[Thu, 30 Oct 2014 15:49:39 -0700] Checking if news feeds should be updated...
[Thu, 30 Oct 2014 15:49:39 -0700] No news update as SUBSEARCH_LINK define false.
[Thu, 30 Oct 2014 15:49:39 -0700] Ensure minimum loop time by sleeping...10
[Thu, 30 Oct 2014 15:49:49 -0700] Checking if news feeds should be updated...
[Thu, 30 Oct 2014 15:49:49 -0700] No news update as SUBSEARCH_LINK define false.
[Thu, 30 Oct 2014 15:49:49 -0700] Ensure minimum loop time by sleeping...10
[Thu, 30 Oct 2014 15:49:59 -0700] Checking if news feeds should be updated...
[Thu, 30 Oct 2014 15:49:59 -0700] No news update as SUBSEARCH_LINK define false.
[Thu, 30 Oct 2014 15:49:59 -0700] Ensure minimum loop time by sleeping...10
[Thu, 30 Oct 2014 15:50:09 -0700] Checking if news feeds should be updated...
[Thu, 30 Oct 2014 15:50:09 -0700] No news update as SUBSEARCH_LINK define false.
[Thu, 30 Oct 2014 15:50:09 -0700] Ensure minimum loop time by sleeping...10
[Thu, 30 Oct 2014 15:50:19 -0700] Checking if news feeds should be updated...
[Thu, 30 Oct 2014 15:50:19 -0700] No news update as SUBSEARCH_LINK define false.
[Thu, 30 Oct 2014 15:50:19 -0700] Ensure minimum loop time by sleeping...10
[Thu, 30 Oct 2014 15:50:29 -0700] Checking if news feeds should be updated...
[Thu, 30 Oct 2014 15:50:29 -0700] No news update as SUBSEARCH_LINK define false.
[Thu, 30 Oct 2014 15:50:29 -0700] Ensure minimum loop time by sleeping...10
[Thu, 30 Oct 2014 15:50:39 -0700] Checking if news feeds should be updated...
[Thu, 30 Oct 2014 15:50:39 -0700] No news update as SUBSEARCH_LINK define false.
[Thu, 30 Oct 2014 15:50:39 -0700] Ensure minimum loop time by sleeping...10
[Thu, 30 Oct 2014 15:50:49 -0700] Checking if news feeds should be updated...
[Thu, 30 Oct 2014 15:50:49 -0700] No news update as SUBSEARCH_LINK define false.
[Thu, 30 Oct 2014 15:50:49 -0700] Ensure minimum loop time by sleeping...10
[Thu, 30 Oct 2014 15:50:59 -0700] Checking if news feeds should be updated...
[Thu, 30 Oct 2014 15:50:59 -0700] No news update as SUBSEARCH_LINK define false.
[Thu, 30 Oct 2014 15:50:59 -0700] Ensure minimum loop time by sleeping...10
[Thu, 30 Oct 2014 15:51:09 -0700] Checking if news feeds should be updated...
[Thu, 30 Oct 2014 15:51:09 -0700] No news update as SUBSEARCH_LINK define false.
[Thu, 30 Oct 2014 15:51:09 -0700] Ensure minimum loop time by sleeping...10
[Thu, 30 Oct 2014 15:51:19 -0700] Checking if news feeds should be updated...
[Thu, 30 Oct 2014 15:51:19 -0700] No news update as SUBSEARCH_LINK define false.
[Thu, 30 Oct 2014 15:51:19 -0700] Ensure minimum loop time by sleeping...10
[Thu, 30 Oct 2014 15:51:29 -0700] Checking if news feeds should be updated...
[Thu, 30 Oct 2014 15:51:29 -0700] No news update as SUBSEARCH_LINK define false.
[Thu, 30 Oct 2014 15:51:29 -0700] Ensure minimum loop time by sleeping...10
[Thu, 30 Oct 2014 15:51:39 -0700] Checking if news feeds should be updated...
[Thu, 30 Oct 2014 15:51:39 -0700] No news update as SUBSEARCH_LINK define false.
[Thu, 30 Oct 2014 15:51:39 -0700] Ensure minimum loop time by sleeping...10
[Thu, 30 Oct 2014 15:51:49 -0700] Checking if news feeds should be updated...
[Thu, 30 Oct 2014 15:51:49 -0700] No news update as SUBSEARCH_LINK define false.
[Thu, 30 Oct 2014 15:51:49 -0700] Ensure minimum loop time by sleeping...10
[Thu, 30 Oct 2014 15:51:59 -0700] Checking if news feeds should be updated...
[Thu, 30 Oct 2014 15:51:59 -0700] No news update as SUBSEARCH_LINK define false.
[Thu, 30 Oct 2014 15:51:59 -0700] Ensure minimum loop time by sleeping...10
[Thu, 30 Oct 2014 15:52:09 -0700] Checking if news feeds should be updated...
[Thu, 30 Oct 2014 15:52:09 -0700] No news update as SUBSEARCH_LINK define false.
[Thu, 30 Oct 2014 15:52:09 -0700] Ensure minimum loop time by sleeping...10
[Thu, 30 Oct 2014 15:52:19 -0700] Checking if news feeds should be updated...
[Thu, 30 Oct 2014 15:52:19 -0700] No news update as SUBSEARCH_LINK define false.
[Thu, 30 Oct 2014 15:52:19 -0700] Ensure minimum loop time by sleeping...10
[Thu, 30 Oct 2014 15:52:29 -0700] Checking if news feeds should be updated...
[Thu, 30 Oct 2014 15:52:29 -0700] No news update as SUBSEARCH_LINK define false.
[Thu, 30 Oct 2014 15:52:29 -0700] Ensure minimum loop time by sleeping...10
[Thu, 30 Oct 2014 15:52:39 -0700] Checking if news feeds should be updated...
[Thu, 30 Oct 2014 15:52:39 -0700] No news update as SUBSEARCH_LINK define false.
[Thu, 30 Oct 2014 15:52:39 -0700] Ensure minimum loop time by sleeping...10
[Thu, 30 Oct 2014 15:52:49 -0700] Checking if news feeds should be updated...
[Thu, 30 Oct 2014 15:52:49 -0700] No news update as SUBSEARCH_LINK define false.
[Thu, 30 Oct 2014 15:52:49 -0700] Ensure minimum loop time by sleeping...10
[Thu, 30 Oct 2014 15:52:59 -0700] Checking if news feeds should be updated...
[Thu, 30 Oct 2014 15:52:59 -0700] No news update as SUBSEARCH_LINK define false.
[Thu, 30 Oct 2014 15:52:59 -0700] Ensure minimum loop time by sleeping...10
[Thu, 30 Oct 2014 15:53:09 -0700] Checking if news feeds should be updated...
[Thu, 30 Oct 2014 15:53:09 -0700] No news update as SUBSEARCH_LINK define false.
[Thu, 30 Oct 2014 15:53:09 -0700] Ensure minimum loop time by sleeping...10
[Thu, 30 Oct 2014 15:53:19 -0700] Checking if news feeds should be updated...
[Thu, 30 Oct 2014 15:53:19 -0700] No news update as SUBSEARCH_LINK define false.
[Thu, 30 Oct 2014 15:53:19 -0700] Ensure minimum loop time by sleeping...10
[Thu, 30 Oct 2014 15:53:29 -0700] Checking if news feeds should be updated...
[Thu, 30 Oct 2014 15:53:29 -0700] No news update as SUBSEARCH_LINK define false.
[Thu, 30 Oct 2014 15:53:29 -0700] Ensure minimum loop time by sleeping...10
[Thu, 30 Oct 2014 15:53:39 -0700] Checking if news feeds should be updated...
[Thu, 30 Oct 2014 15:53:39 -0700] No news update as SUBSEARCH_LINK define false.
[Thu, 30 Oct 2014 15:53:39 -0700] Ensure minimum loop time by sleeping...10
[Thu, 30 Oct 2014 15:53:49 -0700] Checking if news feeds should be updated...
[Thu, 30 Oct 2014 15:53:49 -0700] No news update as SUBSEARCH_LINK define false.
[Thu, 30 Oct 2014 15:53:49 -0700] Ensure minimum loop time by sleeping...10
[Thu, 30 Oct 2014 15:53:59 -0700] Checking if news feeds should be updated...
[Thu, 30 Oct 2014 15:53:59 -0700] No news update as SUBSEARCH_LINK define false.
[Thu, 30 Oct 2014 15:53:59 -0700] Ensure minimum loop time by sleeping...10
[Thu, 30 Oct 2014 15:54:09 -0700] Checking if news feeds should be updated...
[Thu, 30 Oct 2014 15:54:09 -0700] No news update as SUBSEARCH_LINK define false.
[Thu, 30 Oct 2014 15:54:09 -0700] Ensure minimum loop time by sleeping...10
[Thu, 30 Oct 2014 15:54:19 -0700] Checking if news feeds should be updated...
[Thu, 30 Oct 2014 15:54:19 -0700] No news update as SUBSEARCH_LINK define false.
[Thu, 30 Oct 2014 15:54:19 -0700] Ensure minimum loop time by sleeping...10
[Thu, 30 Oct 2014 15:54:29 -0700] Checking if news feeds should be updated...
[Thu, 30 Oct 2014 15:54:29 -0700] No news update as SUBSEARCH_LINK define false.
[Thu, 30 Oct 2014 15:54:29 -0700] Ensure minimum loop time by sleeping...10
[Thu, 30 Oct 2014 15:54:39 -0700] Checking if news feeds should be updated...
[Thu, 30 Oct 2014 15:54:39 -0700] No news update as SUBSEARCH_LINK define false.
[Thu, 30 Oct 2014 15:54:39 -0700] Ensure minimum loop time by sleeping...10
[Thu, 30 Oct 2014 15:54:49 -0700] Checking if news feeds should be updated...
[Thu, 30 Oct 2014 15:54:49 -0700] No news update as SUBSEARCH_LINK define false.
[Thu, 30 Oct 2014 15:54:49 -0700] Ensure minimum loop time by sleeping...10
[Thu, 30 Oct 2014 15:54:59 -0700] Checking if news feeds should be updated...
[Thu, 30 Oct 2014 15:54:59 -0700] No news update as SUBSEARCH_LINK define false.
[Thu, 30 Oct 2014 15:54:59 -0700] Ensure minimum loop time by sleeping...10
[Thu, 30 Oct 2014 15:55:09 -0700] Checking if news feeds should be updated...
[Thu, 30 Oct 2014 15:55:09 -0700] No news update as SUBSEARCH_LINK define false.
[Thu, 30 Oct 2014 15:55:09 -0700] Ensure minimum loop time by sleeping...10
[Thu, 30 Oct 2014 15:55:19 -0700] Checking if news feeds should be updated...
[Thu, 30 Oct 2014 15:55:19 -0700] No news update as SUBSEARCH_LINK define false.
[Thu, 30 Oct 2014 15:55:19 -0700] Ensure minimum loop time by sleeping...10
[Thu, 30 Oct 2014 15:55:29 -0700] Checking if news feeds should be updated...
[Thu, 30 Oct 2014 15:55:29 -0700] No news update as SUBSEARCH_LINK define false.
[Thu, 30 Oct 2014 15:55:29 -0700] Ensure minimum loop time by sleeping...10
[Thu, 30 Oct 2014 15:55:39 -0700] Checking if news feeds should be updated...
[Thu, 30 Oct 2014 15:55:39 -0700] No news update as SUBSEARCH_LINK define false.
[Thu, 30 Oct 2014 15:55:39 -0700] Ensure minimum loop time by sleeping...10
[Thu, 30 Oct 2014 15:55:49 -0700] Checking if news feeds should be updated...
[Thu, 30 Oct 2014 15:55:49 -0700] No news update as SUBSEARCH_LINK define false.
[Thu, 30 Oct 2014 15:55:49 -0700] Ensure minimum loop time by sleeping...10
[Thu, 30 Oct 2014 15:55:59 -0700] Checking if news feeds should be updated...
[Thu, 30 Oct 2014 15:55:59 -0700] No news update as SUBSEARCH_LINK define false.
[Thu, 30 Oct 2014 15:55:59 -0700] Ensure minimum loop time by sleeping...10
[Thu, 30 Oct 2014 15:56:09 -0700] Checking if news feeds should be updated...
[Thu, 30 Oct 2014 15:56:09 -0700] No news update as SUBSEARCH_LINK define false.
[Thu, 30 Oct 2014 15:56:09 -0700] Ensure minimum loop time by sleeping...10
[Thu, 30 Oct 2014 15:56:19 -0700] Checking if news feeds should be updated...
[Thu, 30 Oct 2014 15:56:19 -0700] No news update as SUBSEARCH_LINK define false.
[Thu, 30 Oct 2014 15:56:19 -0700] Ensure minimum loop time by sleeping...10
[Thu, 30 Oct 2014 15:56:29 -0700] Checking if news feeds should be updated...
[Thu, 30 Oct 2014 15:56:29 -0700] No news update as SUBSEARCH_LINK define false.
[Thu, 30 Oct 2014 15:56:29 -0700] Ensure minimum loop time by sleeping...10
[Thu, 30 Oct 2014 15:56:39 -0700] Checking if news feeds should be updated...
[Thu, 30 Oct 2014 15:56:39 -0700] No news update as SUBSEARCH_LINK define false.
[Thu, 30 Oct 2014 15:56:39 -0700] Ensure minimum loop time by sleeping...10
[Thu, 30 Oct 2014 15:56:49 -0700] Checking if news feeds should be updated...
[Thu, 30 Oct 2014 15:56:49 -0700] No news update as SUBSEARCH_LINK define false.
[Thu, 30 Oct 2014 15:56:49 -0700] Ensure minimum loop time by sleeping...10
[Thu, 30 Oct 2014 15:56:59 -0700] Checking if news feeds should be updated...
[Thu, 30 Oct 2014 15:56:59 -0700] No news update as SUBSEARCH_LINK define false.
[Thu, 30 Oct 2014 15:56:59 -0700] Ensure minimum loop time by sleeping...10
[Thu, 30 Oct 2014 15:57:09 -0700] Checking if news feeds should be updated...
[Thu, 30 Oct 2014 15:57:09 -0700] No news update as SUBSEARCH_LINK define false.
[Thu, 30 Oct 2014 15:57:09 -0700] Ensure minimum loop time by sleeping...10
[Thu, 30 Oct 2014 15:57:19 -0700] Checking if news feeds should be updated...
[Thu, 30 Oct 2014 15:57:19 -0700] No news update as SUBSEARCH_LINK define false.
[Thu, 30 Oct 2014 15:57:19 -0700] Ensure minimum loop time by sleeping...10
[Thu, 30 Oct 2014 15:57:29 -0700] Checking if news feeds should be updated...
[Thu, 30 Oct 2014 15:57:29 -0700] No news update as SUBSEARCH_LINK define false.
[Thu, 30 Oct 2014 15:57:29 -0700] Ensure minimum loop time by sleeping...10
[Thu, 30 Oct 2014 15:57:39 -0700] Checking if news feeds should be updated...
[Thu, 30 Oct 2014 15:57:39 -0700] No news update as SUBSEARCH_LINK define false.
[Thu, 30 Oct 2014 15:57:39 -0700] Ensure minimum loop time by sleeping...10
[Thu, 30 Oct 2014 15:57:49 -0700] Checking if news feeds should be updated...
[Thu, 30 Oct 2014 15:57:49 -0700] No news update as SUBSEARCH_LINK define false.
[Thu, 30 Oct 2014 15:57:49 -0700] Ensure minimum loop time by sleeping...10
[Thu, 30 Oct 2014 15:57:59 -0700] Checking if news feeds should be updated...
[Thu, 30 Oct 2014 15:57:59 -0700] No news update as SUBSEARCH_LINK define false.
[Thu, 30 Oct 2014 15:57:59 -0700] Ensure minimum loop time by sleeping...10
[Thu, 30 Oct 2014 15:58:09 -0700] Checking if news feeds should be updated...
[Thu, 30 Oct 2014 15:58:09 -0700] No news update as SUBSEARCH_LINK define false.
[Thu, 30 Oct 2014 15:58:09 -0700] Ensure minimum loop time by sleeping...10
[Thu, 30 Oct 2014 15:58:19 -0700] Checking if news feeds should be updated...
[Thu, 30 Oct 2014 15:58:19 -0700] No news update as SUBSEARCH_LINK define false.
[Thu, 30 Oct 2014 15:58:19 -0700] Ensure minimum loop time by sleeping...10
[Thu, 30 Oct 2014 15:58:29 -0700] Checking if news feeds should be updated...
[Thu, 30 Oct 2014 15:58:29 -0700] No news update as SUBSEARCH_LINK define false.
[Thu, 30 Oct 2014 15:58:29 -0700] Ensure minimum loop time by sleeping...10
[Thu, 30 Oct 2014 15:58:39 -0700] Checking if news feeds should be updated...
[Thu, 30 Oct 2014 15:58:39 -0700] No news update as SUBSEARCH_LINK define false.
[Thu, 30 Oct 2014 15:58:39 -0700] Ensure minimum loop time by sleeping...10
[Thu, 30 Oct 2014 15:58:49 -0700] Checking if news feeds should be updated...
[Thu, 30 Oct 2014 15:58:49 -0700] No news update as SUBSEARCH_LINK define false.
[Thu, 30 Oct 2014 15:58:49 -0700] Ensure minimum loop time by sleeping...10
[Thu, 30 Oct 2014 15:58:59 -0700] Checking if news feeds should be updated...
[Thu, 30 Oct 2014 15:58:59 -0700] No news update as SUBSEARCH_LINK define false.
[Thu, 30 Oct 2014 15:58:59 -0700] Ensure minimum loop time by sleeping...10
[Thu, 30 Oct 2014 15:59:09 -0700] Checking if news feeds should be updated...
[Thu, 30 Oct 2014 15:59:09 -0700] No news update as SUBSEARCH_LINK define false.
[Thu, 30 Oct 2014 15:59:09 -0700] Ensure minimum loop time by sleeping...10
[Thu, 30 Oct 2014 15:59:19 -0700] Checking if news feeds should be updated...
[Thu, 30 Oct 2014 15:59:19 -0700] No news update as SUBSEARCH_LINK define false.
[Thu, 30 Oct 2014 15:59:19 -0700] Ensure minimum loop time by sleeping...10
[Thu, 30 Oct 2014 15:59:29 -0700] Checking if news feeds should be updated...
[Thu, 30 Oct 2014 15:59:29 -0700] No news update as SUBSEARCH_LINK define false.
[Thu, 30 Oct 2014 15:59:29 -0700] Ensure minimum loop time by sleeping...10
[Thu, 30 Oct 2014 15:59:39 -0700] Checking if news feeds should be updated...
[Thu, 30 Oct 2014 15:59:39 -0700] No news update as SUBSEARCH_LINK define false.
[Thu, 30 Oct 2014 15:59:39 -0700] Ensure minimum loop time by sleeping...10
[Thu, 30 Oct 2014 15:59:49 -0700] Checking if news feeds should be updated...
[Thu, 30 Oct 2014 15:59:49 -0700] No news update as SUBSEARCH_LINK define false.
[Thu, 30 Oct 2014 15:59:49 -0700] Ensure minimum loop time by sleeping...10
[Thu, 30 Oct 2014 15:59:59 -0700] Checking if news feeds should be updated...
[Thu, 30 Oct 2014 15:59:59 -0700] No news update as SUBSEARCH_LINK define false.
[Thu, 30 Oct 2014 15:59:59 -0700] Ensure minimum loop time by sleeping...10
[Thu, 30 Oct 2014 16:00:09 -0700] Checking if news feeds should be updated...
[Thu, 30 Oct 2014 16:00:09 -0700] No news update as SUBSEARCH_LINK define false.
[Thu, 30 Oct 2014 16:00:09 -0700] Ensure minimum loop time by sleeping...10
[Thu, 30 Oct 2014 16:00:19 -0700] Checking if news feeds should be updated...
[Thu, 30 Oct 2014 16:00:19 -0700] No news update as SUBSEARCH_LINK define false.
[Thu, 30 Oct 2014 16:00:19 -0700] Ensure minimum loop time by sleeping...10
[Thu, 30 Oct 2014 16:00:29 -0700] Checking if news feeds should be updated...
[Thu, 30 Oct 2014 16:00:29 -0700] No news update as SUBSEARCH_LINK define false.
[Thu, 30 Oct 2014 16:00:29 -0700] Ensure minimum loop time by sleeping...10
[Thu, 30 Oct 2014 16:00:39 -0700] Checking if news feeds should be updated...
[Thu, 30 Oct 2014 16:00:39 -0700] No news update as SUBSEARCH_LINK define false.
[Thu, 30 Oct 2014 16:00:39 -0700] Ensure minimum loop time by sleeping...10
[Thu, 30 Oct 2014 16:00:49 -0700] Checking if news feeds should be updated...
[Thu, 30 Oct 2014 16:00:49 -0700] No news update as SUBSEARCH_LINK define false.
[Thu, 30 Oct 2014 16:00:49 -0700] Ensure minimum loop time by sleeping...10
[Thu, 30 Oct 2014 16:00:59 -0700] Checking if news feeds should be updated...
[Thu, 30 Oct 2014 16:00:59 -0700] No news update as SUBSEARCH_LINK define false.
[Thu, 30 Oct 2014 16:00:59 -0700] Ensure minimum loop time by sleeping...10
[Thu, 30 Oct 2014 16:01:09 -0700] Checking if news feeds should be updated...
[Thu, 30 Oct 2014 16:01:09 -0700] No news update as SUBSEARCH_LINK define false.
[Thu, 30 Oct 2014 16:01:09 -0700] Ensure minimum loop time by sleeping...10
[Thu, 30 Oct 2014 16:01:19 -0700] Checking if news feeds should be updated...
[Thu, 30 Oct 2014 16:01:19 -0700] No news update as SUBSEARCH_LINK define false.
[Thu, 30 Oct 2014 16:01:19 -0700] Ensure minimum loop time by sleeping...10
[Thu, 30 Oct 2014 16:01:29 -0700] Checking if news feeds should be updated...
[Thu, 30 Oct 2014 16:01:29 -0700] No news update as SUBSEARCH_LINK define false.
[Thu, 30 Oct 2014 16:01:29 -0700] Ensure minimum loop time by sleeping...10
[Thu, 30 Oct 2014 16:01:39 -0700] Checking if news feeds should be updated...
[Thu, 30 Oct 2014 16:01:39 -0700] No news update as SUBSEARCH_LINK define false.
[Thu, 30 Oct 2014 16:01:39 -0700] Ensure minimum loop time by sleeping...10
[Thu, 30 Oct 2014 16:01:49 -0700] Checking if news feeds should be updated...
[Thu, 30 Oct 2014 16:01:49 -0700] No news update as SUBSEARCH_LINK define false.
[Thu, 30 Oct 2014 16:01:49 -0700] Ensure minimum loop time by sleeping...10
[Thu, 30 Oct 2014 16:01:59 -0700] Checking if news feeds should be updated...
[Thu, 30 Oct 2014 16:01:59 -0700] No news update as SUBSEARCH_LINK define false.
[Thu, 30 Oct 2014 16:01:59 -0700] Ensure minimum loop time by sleeping...10
[Thu, 30 Oct 2014 16:02:09 -0700] Checking if news feeds should be updated...
[Thu, 30 Oct 2014 16:02:09 -0700] No news update as SUBSEARCH_LINK define false.
[Thu, 30 Oct 2014 16:02:09 -0700] Ensure minimum loop time by sleeping...10
[Thu, 30 Oct 2014 16:02:19 -0700] Checking if news feeds should be updated...
[Thu, 30 Oct 2014 16:02:19 -0700] No news update as SUBSEARCH_LINK define false.
[Thu, 30 Oct 2014 16:02:19 -0700] Ensure minimum loop time by sleeping...10
[Thu, 30 Oct 2014 16:02:29 -0700] Checking if news feeds should be updated...
[Thu, 30 Oct 2014 16:02:29 -0700] No news update as SUBSEARCH_LINK define false.
[Thu, 30 Oct 2014 16:02:29 -0700] Ensure minimum loop time by sleeping...10
[Thu, 30 Oct 2014 16:02:39 -0700] Checking if news feeds should be updated...
[Thu, 30 Oct 2014 16:02:39 -0700] No news update as SUBSEARCH_LINK define false.
[Thu, 30 Oct 2014 16:02:39 -0700] Ensure minimum loop time by sleeping...10
[Thu, 30 Oct 2014 16:02:49 -0700] Checking if news feeds should be updated...
[Thu, 30 Oct 2014 16:02:49 -0700] No news update as SUBSEARCH_LINK define false.
[Thu, 30 Oct 2014 16:02:49 -0700] Ensure minimum loop time by sleeping...10
[Thu, 30 Oct 2014 16:02:59 -0700] Checking if news feeds should be updated...
[Thu, 30 Oct 2014 16:02:59 -0700] No news update as SUBSEARCH_LINK define false.
[Thu, 30 Oct 2014 16:02:59 -0700] Ensure minimum loop time by sleeping...10
[Thu, 30 Oct 2014 16:03:09 -0700] Checking if news feeds should be updated...
[Thu, 30 Oct 2014 16:03:09 -0700] No news update as SUBSEARCH_LINK define false.
[Thu, 30 Oct 2014 16:03:09 -0700] Ensure minimum loop time by sleeping...10
[Thu, 30 Oct 2014 16:03:19 -0700] Checking if news feeds should be updated...
[Thu, 30 Oct 2014 16:03:19 -0700] No news update as SUBSEARCH_LINK define false.
[Thu, 30 Oct 2014 16:03:19 -0700] Ensure minimum loop time by sleeping...10
[Thu, 30 Oct 2014 16:03:29 -0700] Checking if news feeds should be updated...
[Thu, 30 Oct 2014 16:03:29 -0700] No news update as SUBSEARCH_LINK define false.
[Thu, 30 Oct 2014 16:03:29 -0700] Ensure minimum loop time by sleeping...10
[Thu, 30 Oct 2014 16:03:39 -0700] Checking if news feeds should be updated...
[Thu, 30 Oct 2014 16:03:39 -0700] No news update as SUBSEARCH_LINK define false.
[Thu, 30 Oct 2014 16:03:39 -0700] Ensure minimum loop time by sleeping...10
[Thu, 30 Oct 2014 16:03:49 -0700] Checking if news feeds should be updated...
[Thu, 30 Oct 2014 16:03:49 -0700] No news update as SUBSEARCH_LINK define false.
[Thu, 30 Oct 2014 16:03:49 -0700] Ensure minimum loop time by sleeping...10
[Thu, 30 Oct 2014 16:03:59 -0700] Checking if news feeds should be updated...
[Thu, 30 Oct 2014 16:03:59 -0700] No news update as SUBSEARCH_LINK define false.
[Thu, 30 Oct 2014 16:03:59 -0700] Ensure minimum loop time by sleeping...10
[Thu, 30 Oct 2014 16:04:09 -0700] Checking if news feeds should be updated...
[Thu, 30 Oct 2014 16:04:09 -0700] No news update as SUBSEARCH_LINK define false.
[Thu, 30 Oct 2014 16:04:09 -0700] Ensure minimum loop time by sleeping...10
[Thu, 30 Oct 2014 16:04:19 -0700] Checking if news feeds should be updated...
[Thu, 30 Oct 2014 16:04:19 -0700] No news update as SUBSEARCH_LINK define false.
[Thu, 30 Oct 2014 16:04:19 -0700] Ensure minimum loop time by sleeping...10
[Thu, 30 Oct 2014 16:04:29 -0700] Checking if news feeds should be updated...
[Thu, 30 Oct 2014 16:04:29 -0700] No news update as SUBSEARCH_LINK define false.
[Thu, 30 Oct 2014 16:04:29 -0700] Ensure minimum loop time by sleeping...10
[Thu, 30 Oct 2014 16:04:39 -0700] Checking if news feeds should be updated...
[Thu, 30 Oct 2014 16:04:39 -0700] No news update as SUBSEARCH_LINK define false.
[Thu, 30 Oct 2014 16:04:39 -0700] Ensure minimum loop time by sleeping...10
[Thu, 30 Oct 2014 16:04:49 -0700] Checking if news feeds should be updated...
[Thu, 30 Oct 2014 16:04:49 -0700] No news update as SUBSEARCH_LINK define false.
[Thu, 30 Oct 2014 16:04:49 -0700] Ensure minimum loop time by sleeping...10
[Thu, 30 Oct 2014 16:04:59 -0700] Checking if news feeds should be updated...
[Thu, 30 Oct 2014 16:04:59 -0700] No news update as SUBSEARCH_LINK define false.
[Thu, 30 Oct 2014 16:04:59 -0700] Ensure minimum loop time by sleeping...10
[Thu, 30 Oct 2014 16:05:09 -0700] Checking if news feeds should be updated...
[Thu, 30 Oct 2014 16:05:09 -0700] No news update as SUBSEARCH_LINK define false.
[Thu, 30 Oct 2014 16:05:09 -0700] Ensure minimum loop time by sleeping...10
[Thu, 30 Oct 2014 16:05:19 -0700] Checking if news feeds should be updated...
[Thu, 30 Oct 2014 16:05:19 -0700] No news update as SUBSEARCH_LINK define false.
[Thu, 30 Oct 2014 16:05:19 -0700] Ensure minimum loop time by sleeping...10
[Thu, 30 Oct 2014 16:05:29 -0700] Checking if news feeds should be updated...
[Thu, 30 Oct 2014 16:05:29 -0700] No news update as SUBSEARCH_LINK define false.
[Thu, 30 Oct 2014 16:05:29 -0700] Ensure minimum loop time by sleeping...10
[Thu, 30 Oct 2014 16:05:39 -0700] Checking if news feeds should be updated...
[Thu, 30 Oct 2014 16:05:39 -0700] No news update as SUBSEARCH_LINK define false.
[Thu, 30 Oct 2014 16:05:39 -0700] Ensure minimum loop time by sleeping...10
[Thu, 30 Oct 2014 16:05:49 -0700] Checking if news feeds should be updated...
[Thu, 30 Oct 2014 16:05:49 -0700] No news update as SUBSEARCH_LINK define false.
[Thu, 30 Oct 2014 16:05:49 -0700] Ensure minimum loop time by sleeping...10
[Thu, 30 Oct 2014 16:05:59 -0700] Checking if news feeds should be updated...
[Thu, 30 Oct 2014 16:05:59 -0700] No news update as SUBSEARCH_LINK define false.
[Thu, 30 Oct 2014 16:05:59 -0700] Ensure minimum loop time by sleeping...10
[Thu, 30 Oct 2014 16:06:09 -0700] Checking if news feeds should be updated...
[Thu, 30 Oct 2014 16:06:09 -0700] No news update as SUBSEARCH_LINK define false.
[Thu, 30 Oct 2014 16:06:09 -0700] Ensure minimum loop time by sleeping...10
[Thu, 30 Oct 2014 16:06:19 -0700] Checking if news feeds should be updated...
[Thu, 30 Oct 2014 16:06:19 -0700] No news update as SUBSEARCH_LINK define false.
[Thu, 30 Oct 2014 16:06:19 -0700] Ensure minimum loop time by sleeping...10
[Thu, 30 Oct 2014 16:06:29 -0700] Checking if news feeds should be updated...
[Thu, 30 Oct 2014 16:06:29 -0700] No news update as SUBSEARCH_LINK define false.
[Thu, 30 Oct 2014 16:06:29 -0700] Ensure minimum loop time by sleeping...10
[Thu, 30 Oct 2014 16:06:39 -0700] Checking if news feeds should be updated...
[Thu, 30 Oct 2014 16:06:39 -0700] No news update as SUBSEARCH_LINK define false.
[Thu, 30 Oct 2014 16:06:39 -0700] Ensure minimum loop time by sleeping...10
[Thu, 30 Oct 2014 16:06:49 -0700] Checking if news feeds should be updated...
[Thu, 30 Oct 2014 16:06:49 -0700] No news update as SUBSEARCH_LINK define false.
[Thu, 30 Oct 2014 16:06:49 -0700] Ensure minimum loop time by sleeping...10
[Thu, 30 Oct 2014 16:06:59 -0700] Checking if news feeds should be updated...
[Thu, 30 Oct 2014 16:06:59 -0700] No news update as SUBSEARCH_LINK define false.
[Thu, 30 Oct 2014 16:06:59 -0700] Ensure minimum loop time by sleeping...10
[Thu, 30 Oct 2014 16:07:09 -0700] Checking if news feeds should be updated...
[Thu, 30 Oct 2014 16:07:09 -0700] No news update as SUBSEARCH_LINK define false.
[Thu, 30 Oct 2014 16:07:09 -0700] Ensure minimum loop time by sleeping...10
[Thu, 30 Oct 2014 16:07:19 -0700] Checking if news feeds should be updated...
[Thu, 30 Oct 2014 16:07:19 -0700] No news update as SUBSEARCH_LINK define false.
[Thu, 30 Oct 2014 16:07:19 -0700] Ensure minimum loop time by sleeping...10
[Thu, 30 Oct 2014 16:07:29 -0700] Checking if news feeds should be updated...
[Thu, 30 Oct 2014 16:07:29 -0700] No news update as SUBSEARCH_LINK define false.
[Thu, 30 Oct 2014 16:07:29 -0700] Ensure minimum loop time by sleeping...10
[Thu, 30 Oct 2014 16:07:39 -0700] Checking if news feeds should be updated...
[Thu, 30 Oct 2014 16:07:39 -0700] No news update as SUBSEARCH_LINK define false.
[Thu, 30 Oct 2014 16:07:39 -0700] Ensure minimum loop time by sleeping...10
[Thu, 30 Oct 2014 16:07:50 -0700] Checking if news feeds should be updated...
[Thu, 30 Oct 2014 16:07:50 -0700] No news update as SUBSEARCH_LINK define false.
[Thu, 30 Oct 2014 16:07:50 -0700] Ensure minimum loop time by sleeping...10
[Thu, 30 Oct 2014 16:08:00 -0700] Checking if news feeds should be updated...
[Thu, 30 Oct 2014 16:08:00 -0700] No news update as SUBSEARCH_LINK define false.
[Thu, 30 Oct 2014 16:08:00 -0700] Ensure minimum loop time by sleeping...10
[Thu, 30 Oct 2014 16:08:10 -0700] Checking if news feeds should be updated...
[Thu, 30 Oct 2014 16:08:10 -0700] No news update as SUBSEARCH_LINK define false.
[Thu, 30 Oct 2014 16:08:10 -0700] Ensure minimum loop time by sleeping...10
[Thu, 30 Oct 2014 16:08:20 -0700] Checking if news feeds should be updated...
[Thu, 30 Oct 2014 16:08:20 -0700] No news update as SUBSEARCH_LINK define false.
[Thu, 30 Oct 2014 16:08:20 -0700] Ensure minimum loop time by sleeping...10
[Thu, 30 Oct 2014 16:08:30 -0700] Checking if news feeds should be updated...
[Thu, 30 Oct 2014 16:08:30 -0700] No news update as SUBSEARCH_LINK define false.
[Thu, 30 Oct 2014 16:08:30 -0700] Ensure minimum loop time by sleeping...10
[Thu, 30 Oct 2014 16:08:40 -0700] Checking if news feeds should be updated...
[Thu, 30 Oct 2014 16:08:40 -0700] No news update as SUBSEARCH_LINK define false.
[Thu, 30 Oct 2014 16:08:40 -0700] Ensure minimum loop time by sleeping...10
[Thu, 30 Oct 2014 16:08:50 -0700] Checking if news feeds should be updated...
[Thu, 30 Oct 2014 16:08:50 -0700] No news update as SUBSEARCH_LINK define false.
[Thu, 30 Oct 2014 16:08:50 -0700] Ensure minimum loop time by sleeping...10
[Thu, 30 Oct 2014 16:09:00 -0700] Checking if news feeds should be updated...
[Thu, 30 Oct 2014 16:09:00 -0700] No news update as SUBSEARCH_LINK define false.
[Thu, 30 Oct 2014 16:09:00 -0700] Ensure minimum loop time by sleeping...10
[Thu, 30 Oct 2014 16:09:10 -0700] Checking if news feeds should be updated...
[Thu, 30 Oct 2014 16:09:10 -0700] No news update as SUBSEARCH_LINK define false.
[Thu, 30 Oct 2014 16:09:10 -0700] Ensure minimum loop time by sleeping...10
[Thu, 30 Oct 2014 16:09:20 -0700] Checking if news feeds should be updated...
[Thu, 30 Oct 2014 16:09:20 -0700] No news update as SUBSEARCH_LINK define false.
[Thu, 30 Oct 2014 16:09:20 -0700] Ensure minimum loop time by sleeping...10
[Thu, 30 Oct 2014 16:09:30 -0700] Checking if news feeds should be updated...
[Thu, 30 Oct 2014 16:09:30 -0700] No news update as SUBSEARCH_LINK define false.
[Thu, 30 Oct 2014 16:09:30 -0700] Ensure minimum loop time by sleeping...10
[Thu, 30 Oct 2014 16:09:40 -0700] Checking if news feeds should be updated...
[Thu, 30 Oct 2014 16:09:40 -0700] No news update as SUBSEARCH_LINK define false.
[Thu, 30 Oct 2014 16:09:40 -0700] Ensure minimum loop time by sleeping...10
[Thu, 30 Oct 2014 16:09:50 -0700] Checking if news feeds should be updated...
[Thu, 30 Oct 2014 16:09:50 -0700] No news update as SUBSEARCH_LINK define false.
[Thu, 30 Oct 2014 16:09:50 -0700] Ensure minimum loop time by sleeping...10
[Thu, 30 Oct 2014 16:10:00 -0700] Checking if news feeds should be updated...
[Thu, 30 Oct 2014 16:10:00 -0700] No news update as SUBSEARCH_LINK define false.
[Thu, 30 Oct 2014 16:10:00 -0700] Ensure minimum loop time by sleeping...10
[Thu, 30 Oct 2014 16:10:10 -0700] Checking if news feeds should be updated...
[Thu, 30 Oct 2014 16:10:10 -0700] No news update as SUBSEARCH_LINK define false.
[Thu, 30 Oct 2014 16:10:10 -0700] Ensure minimum loop time by sleeping...10
[Thu, 30 Oct 2014 16:10:20 -0700] Checking if news feeds should be updated...
[Thu, 30 Oct 2014 16:10:20 -0700] No news update as SUBSEARCH_LINK define false.
[Thu, 30 Oct 2014 16:10:20 -0700] Ensure minimum loop time by sleeping...10
[Thu, 30 Oct 2014 16:10:30 -0700] Checking if news feeds should be updated...
[Thu, 30 Oct 2014 16:10:30 -0700] No news update as SUBSEARCH_LINK define false.
[Thu, 30 Oct 2014 16:10:30 -0700] Ensure minimum loop time by sleeping...10
[Thu, 30 Oct 2014 16:10:40 -0700] Checking if news feeds should be updated...
[Thu, 30 Oct 2014 16:10:40 -0700] No news update as SUBSEARCH_LINK define false.
[Thu, 30 Oct 2014 16:10:40 -0700] Ensure minimum loop time by sleeping...10
[Thu, 30 Oct 2014 16:10:50 -0700] Checking if news feeds should be updated...
[Thu, 30 Oct 2014 16:10:50 -0700] No news update as SUBSEARCH_LINK define false.
[Thu, 30 Oct 2014 16:10:50 -0700] Ensure minimum loop time by sleeping...10
[Thu, 30 Oct 2014 16:11:00 -0700] Checking if news feeds should be updated...
[Thu, 30 Oct 2014 16:11:00 -0700] No news update as SUBSEARCH_LINK define false.
[Thu, 30 Oct 2014 16:11:00 -0700] Ensure minimum loop time by sleeping...10
[Thu, 30 Oct 2014 16:11:10 -0700] Checking if news feeds should be updated...
[Thu, 30 Oct 2014 16:11:10 -0700] No news update as SUBSEARCH_LINK define false.
[Thu, 30 Oct 2014 16:11:10 -0700] Ensure minimum loop time by sleeping...10
[Thu, 30 Oct 2014 16:11:20 -0700] Checking if news feeds should be updated...
[Thu, 30 Oct 2014 16:11:20 -0700] No news update as SUBSEARCH_LINK define false.
[Thu, 30 Oct 2014 16:11:20 -0700] Ensure minimum loop time by sleeping...10
[Thu, 30 Oct 2014 16:11:30 -0700] Checking if news feeds should be updated...
[Thu, 30 Oct 2014 16:11:30 -0700] No news update as SUBSEARCH_LINK define false.
[Thu, 30 Oct 2014 16:11:30 -0700] Ensure minimum loop time by sleeping...10
[Thu, 30 Oct 2014 16:11:40 -0700] Checking if news feeds should be updated...
[Thu, 30 Oct 2014 16:11:40 -0700] No news update as SUBSEARCH_LINK define false.
[Thu, 30 Oct 2014 16:11:40 -0700] Ensure minimum loop time by sleeping...10
[Thu, 30 Oct 2014 16:11:50 -0700] Checking if news feeds should be updated...
[Thu, 30 Oct 2014 16:11:50 -0700] No news update as SUBSEARCH_LINK define false.
[Thu, 30 Oct 2014 16:11:50 -0700] Ensure minimum loop time by sleeping...10
[Thu, 30 Oct 2014 16:12:00 -0700] Checking if news feeds should be updated...
[Thu, 30 Oct 2014 16:12:00 -0700] No news update as SUBSEARCH_LINK define false.
[Thu, 30 Oct 2014 16:12:00 -0700] Ensure minimum loop time by sleeping...10
[Thu, 30 Oct 2014 16:12:10 -0700] Checking if news feeds should be updated...
[Thu, 30 Oct 2014 16:12:10 -0700] No news update as SUBSEARCH_LINK define false.
[Thu, 30 Oct 2014 16:12:10 -0700] Ensure minimum loop time by sleeping...10
[Thu, 30 Oct 2014 16:12:20 -0700] Checking if news feeds should be updated...
[Thu, 30 Oct 2014 16:12:20 -0700] No news update as SUBSEARCH_LINK define false.
[Thu, 30 Oct 2014 16:12:20 -0700] Ensure minimum loop time by sleeping...10
[Thu, 30 Oct 2014 16:12:30 -0700] Checking if news feeds should be updated...
[Thu, 30 Oct 2014 16:12:30 -0700] No news update as SUBSEARCH_LINK define false.
[Thu, 30 Oct 2014 16:12:30 -0700] Ensure minimum loop time by sleeping...10
[Thu, 30 Oct 2014 16:12:40 -0700] Checking if news feeds should be updated...
[Thu, 30 Oct 2014 16:12:40 -0700] No news update as SUBSEARCH_LINK define false.
[Thu, 30 Oct 2014 16:12:40 -0700] Ensure minimum loop time by sleeping...10
[Thu, 30 Oct 2014 16:12:50 -0700] Checking if news feeds should be updated...
[Thu, 30 Oct 2014 16:12:50 -0700] No news update as SUBSEARCH_LINK define false.
[Thu, 30 Oct 2014 16:12:50 -0700] Ensure minimum loop time by sleeping...10
[Thu, 30 Oct 2014 16:13:00 -0700] Checking if news feeds should be updated...
[Thu, 30 Oct 2014 16:13:00 -0700] No news update as SUBSEARCH_LINK define false.
[Thu, 30 Oct 2014 16:13:00 -0700] Ensure minimum loop time by sleeping...10
[Thu, 30 Oct 2014 16:13:10 -0700] Checking if news feeds should be updated...
[Thu, 30 Oct 2014 16:13:10 -0700] No news update as SUBSEARCH_LINK define false.
[Thu, 30 Oct 2014 16:13:10 -0700] Ensure minimum loop time by sleeping...10
[Thu, 30 Oct 2014 16:13:20 -0700] Checking if news feeds should be updated...
[Thu, 30 Oct 2014 16:13:20 -0700] No news update as SUBSEARCH_LINK define false.
[Thu, 30 Oct 2014 16:13:20 -0700] Ensure minimum loop time by sleeping...10
[Thu, 30 Oct 2014 16:13:30 -0700] Checking if news feeds should be updated...
[Thu, 30 Oct 2014 16:13:30 -0700] No news update as SUBSEARCH_LINK define false.
[Thu, 30 Oct 2014 16:13:30 -0700] Ensure minimum loop time by sleeping...10
[Thu, 30 Oct 2014 16:13:40 -0700] Checking if news feeds should be updated...
[Thu, 30 Oct 2014 16:13:40 -0700] No news update as SUBSEARCH_LINK define false.
[Thu, 30 Oct 2014 16:13:40 -0700] Ensure minimum loop time by sleeping...10
[Thu, 30 Oct 2014 16:13:50 -0700] Checking if news feeds should be updated...
[Thu, 30 Oct 2014 16:13:50 -0700] No news update as SUBSEARCH_LINK define false.
[Thu, 30 Oct 2014 16:13:50 -0700] Ensure minimum loop time by sleeping...10
[Thu, 30 Oct 2014 16:14:00 -0700] Checking if news feeds should be updated...
[Thu, 30 Oct 2014 16:14:00 -0700] No news update as SUBSEARCH_LINK define false.
[Thu, 30 Oct 2014 16:14:00 -0700] Ensure minimum loop time by sleeping...10
[Thu, 30 Oct 2014 16:14:10 -0700] Checking if news feeds should be updated...
[Thu, 30 Oct 2014 16:14:10 -0700] No news update as SUBSEARCH_LINK define false.
[Thu, 30 Oct 2014 16:14:10 -0700] Ensure minimum loop time by sleeping...10
[Thu, 30 Oct 2014 16:14:20 -0700] Checking if news feeds should be updated...
[Thu, 30 Oct 2014 16:14:20 -0700] No news update as SUBSEARCH_LINK define false.
[Thu, 30 Oct 2014 16:14:20 -0700] Ensure minimum loop time by sleeping...10
[Thu, 30 Oct 2014 16:14:30 -0700] Checking if news feeds should be updated...
[Thu, 30 Oct 2014 16:14:30 -0700] No news update as SUBSEARCH_LINK define false.
[Thu, 30 Oct 2014 16:14:30 -0700] Ensure minimum loop time by sleeping...10
[Thu, 30 Oct 2014 16:14:40 -0700] Checking if news feeds should be updated...
[Thu, 30 Oct 2014 16:14:40 -0700] No news update as SUBSEARCH_LINK define false.
[Thu, 30 Oct 2014 16:14:40 -0700] Ensure minimum loop time by sleeping...10
[Thu, 30 Oct 2014 16:14:50 -0700] Checking if news feeds should be updated...
[Thu, 30 Oct 2014 16:14:50 -0700] No news update as SUBSEARCH_LINK define false.
[Thu, 30 Oct 2014 16:14:50 -0700] Ensure minimum loop time by sleeping...10
[Thu, 30 Oct 2014 16:15:00 -0700] Checking if news feeds should be updated...
[Thu, 30 Oct 2014 16:15:00 -0700] No news update as SUBSEARCH_LINK define false.
[Thu, 30 Oct 2014 16:15:00 -0700] Ensure minimum loop time by sleeping...10
[Thu, 30 Oct 2014 16:15:10 -0700] Checking if news feeds should be updated...
[Thu, 30 Oct 2014 16:15:10 -0700] No news update as SUBSEARCH_LINK define false.
[Thu, 30 Oct 2014 16:15:10 -0700] Ensure minimum loop time by sleeping...10
[Thu, 30 Oct 2014 16:15:20 -0700] Checking if news feeds should be updated...
[Thu, 30 Oct 2014 16:15:20 -0700] No news update as SUBSEARCH_LINK define false.
[Thu, 30 Oct 2014 16:15:20 -0700] Ensure minimum loop time by sleeping...10
[Thu, 30 Oct 2014 16:15:30 -0700] Checking if news feeds should be updated...
[Thu, 30 Oct 2014 16:15:30 -0700] No news update as SUBSEARCH_LINK define false.
[Thu, 30 Oct 2014 16:15:30 -0700] Ensure minimum loop time by sleeping...10
[Thu, 30 Oct 2014 16:15:40 -0700] Checking if news feeds should be updated...
[Thu, 30 Oct 2014 16:15:40 -0700] No news update as SUBSEARCH_LINK define false.
[Thu, 30 Oct 2014 16:15:40 -0700] Ensure minimum loop time by sleeping...10
[Thu, 30 Oct 2014 16:15:50 -0700] Checking if news feeds should be updated...
[Thu, 30 Oct 2014 16:15:50 -0700] No news update as SUBSEARCH_LINK define false.
[Thu, 30 Oct 2014 16:15:50 -0700] Ensure minimum loop time by sleeping...10
[Thu, 30 Oct 2014 16:16:00 -0700] Checking if news feeds should be updated...
[Thu, 30 Oct 2014 16:16:00 -0700] No news update as SUBSEARCH_LINK define false.
[Thu, 30 Oct 2014 16:16:00 -0700] Ensure minimum loop time by sleeping...10
[Thu, 30 Oct 2014 16:16:10 -0700] Checking if news feeds should be updated...
[Thu, 30 Oct 2014 16:16:10 -0700] No news update as SUBSEARCH_LINK define false.
[Thu, 30 Oct 2014 16:16:10 -0700] Ensure minimum loop time by sleeping...10
[Thu, 30 Oct 2014 16:16:20 -0700] Checking if news feeds should be updated...
[Thu, 30 Oct 2014 16:16:20 -0700] No news update as SUBSEARCH_LINK define false.
[Thu, 30 Oct 2014 16:16:20 -0700] Ensure minimum loop time by sleeping...10
[Thu, 30 Oct 2014 16:16:30 -0700] Checking if news feeds should be updated...
[Thu, 30 Oct 2014 16:16:30 -0700] No news update as SUBSEARCH_LINK define false.
[Thu, 30 Oct 2014 16:16:30 -0700] Ensure minimum loop time by sleeping...10
[Thu, 30 Oct 2014 16:16:40 -0700] Checking if news feeds should be updated...
[Thu, 30 Oct 2014 16:16:40 -0700] No news update as SUBSEARCH_LINK define false.
[Thu, 30 Oct 2014 16:16:40 -0700] Ensure minimum loop time by sleeping...10
[Thu, 30 Oct 2014 16:16:50 -0700] Checking if news feeds should be updated...
[Thu, 30 Oct 2014 16:16:50 -0700] No news update as SUBSEARCH_LINK define false.
[Thu, 30 Oct 2014 16:16:50 -0700] Ensure minimum loop time by sleeping...10
[Thu, 30 Oct 2014 16:17:00 -0700] Checking if news feeds should be updated...
[Thu, 30 Oct 2014 16:17:00 -0700] No news update as SUBSEARCH_LINK define false.
[Thu, 30 Oct 2014 16:17:00 -0700] Ensure minimum loop time by sleeping...10
[Thu, 30 Oct 2014 16:17:10 -0700] Checking if news feeds should be updated...
[Thu, 30 Oct 2014 16:17:10 -0700] No news update as SUBSEARCH_LINK define false.
[Thu, 30 Oct 2014 16:17:10 -0700] Ensure minimum loop time by sleeping...10
[Thu, 30 Oct 2014 16:17:20 -0700] Checking if news feeds should be updated...
[Thu, 30 Oct 2014 16:17:20 -0700] No news update as SUBSEARCH_LINK define false.
[Thu, 30 Oct 2014 16:17:20 -0700] Ensure minimum loop time by sleeping...10
[Thu, 30 Oct 2014 16:17:30 -0700] Checking if news feeds should be updated...
[Thu, 30 Oct 2014 16:17:30 -0700] No news update as SUBSEARCH_LINK define false.
[Thu, 30 Oct 2014 16:17:30 -0700] Ensure minimum loop time by sleeping...10
[Thu, 30 Oct 2014 16:17:40 -0700] Checking if news feeds should be updated...
[Thu, 30 Oct 2014 16:17:40 -0700] No news update as SUBSEARCH_LINK define false.
[Thu, 30 Oct 2014 16:17:40 -0700] Ensure minimum loop time by sleeping...10
[Thu, 30 Oct 2014 16:17:50 -0700] Checking if news feeds should be updated...
[Thu, 30 Oct 2014 16:17:50 -0700] No news update as SUBSEARCH_LINK define false.
[Thu, 30 Oct 2014 16:17:50 -0700] Ensure minimum loop time by sleeping...10
[Thu, 30 Oct 2014 16:18:00 -0700] Checking if news feeds should be updated...
[Thu, 30 Oct 2014 16:18:00 -0700] No news update as SUBSEARCH_LINK define false.
[Thu, 30 Oct 2014 16:18:00 -0700] Ensure minimum loop time by sleeping...10
[Thu, 30 Oct 2014 16:18:10 -0700] Checking if news feeds should be updated...
[Thu, 30 Oct 2014 16:18:10 -0700] No news update as SUBSEARCH_LINK define false.
[Thu, 30 Oct 2014 16:18:10 -0700] Ensure minimum loop time by sleeping...10
[Thu, 30 Oct 2014 16:18:20 -0700] Checking if news feeds should be updated...
[Thu, 30 Oct 2014 16:18:20 -0700] No news update as SUBSEARCH_LINK define false.
[Thu, 30 Oct 2014 16:18:20 -0700] Ensure minimum loop time by sleeping...10
[Thu, 30 Oct 2014 16:18:30 -0700] Checking if news feeds should be updated...
[Thu, 30 Oct 2014 16:18:30 -0700] No news update as SUBSEARCH_LINK define false.
[Thu, 30 Oct 2014 16:18:30 -0700] Ensure minimum loop time by sleeping...10
[Thu, 30 Oct 2014 16:18:40 -0700] Checking if news feeds should be updated...
[Thu, 30 Oct 2014 16:18:40 -0700] No news update as SUBSEARCH_LINK define false.
[Thu, 30 Oct 2014 16:18:40 -0700] Ensure minimum loop time by sleeping...10
[Thu, 30 Oct 2014 16:18:50 -0700] Checking if news feeds should be updated...
[Thu, 30 Oct 2014 16:18:50 -0700] No news update as SUBSEARCH_LINK define false.
[Thu, 30 Oct 2014 16:18:50 -0700] Ensure minimum loop time by sleeping...10
[Thu, 30 Oct 2014 16:19:00 -0700] Checking if news feeds should be updated...
[Thu, 30 Oct 2014 16:19:00 -0700] No news update as SUBSEARCH_LINK define false.
[Thu, 30 Oct 2014 16:19:00 -0700] Ensure minimum loop time by sleeping...10
[Thu, 30 Oct 2014 16:19:10 -0700] Checking if news feeds should be updated...
[Thu, 30 Oct 2014 16:19:10 -0700] No news update as SUBSEARCH_LINK define false.
[Thu, 30 Oct 2014 16:19:10 -0700] Ensure minimum loop time by sleeping...10
[Thu, 30 Oct 2014 16:19:20 -0700] Checking if news feeds should be updated...
[Thu, 30 Oct 2014 16:19:20 -0700] No news update as SUBSEARCH_LINK define false.
[Thu, 30 Oct 2014 16:19:20 -0700] Ensure minimum loop time by sleeping...10
[Thu, 30 Oct 2014 16:19:30 -0700] Checking if news feeds should be updated...
[Thu, 30 Oct 2014 16:19:30 -0700] No news update as SUBSEARCH_LINK define false.
[Thu, 30 Oct 2014 16:19:30 -0700] Ensure minimum loop time by sleeping...10
[Thu, 30 Oct 2014 16:19:40 -0700] Checking if news feeds should be updated...
[Thu, 30 Oct 2014 16:19:40 -0700] No news update as SUBSEARCH_LINK define false.
[Thu, 30 Oct 2014 16:19:40 -0700] Ensure minimum loop time by sleeping...10
[Thu, 30 Oct 2014 16:19:50 -0700] Checking if news feeds should be updated...
[Thu, 30 Oct 2014 16:19:50 -0700] No news update as SUBSEARCH_LINK define false.
[Thu, 30 Oct 2014 16:19:50 -0700] Ensure minimum loop time by sleeping...10
[Thu, 30 Oct 2014 16:20:00 -0700] Checking if news feeds should be updated...
[Thu, 30 Oct 2014 16:20:00 -0700] No news update as SUBSEARCH_LINK define false.
[Thu, 30 Oct 2014 16:20:00 -0700] Ensure minimum loop time by sleeping...10
[Thu, 30 Oct 2014 16:20:10 -0700] Checking if news feeds should be updated...
[Thu, 30 Oct 2014 16:20:10 -0700] No news update as SUBSEARCH_LINK define false.
[Thu, 30 Oct 2014 16:20:10 -0700] Ensure minimum loop time by sleeping...10
[Thu, 30 Oct 2014 16:20:20 -0700] Checking if news feeds should be updated...
[Thu, 30 Oct 2014 16:20:20 -0700] No news update as SUBSEARCH_LINK define false.
[Thu, 30 Oct 2014 16:20:20 -0700] Ensure minimum loop time by sleeping...10
[Thu, 30 Oct 2014 16:20:30 -0700] Checking if news feeds should be updated...
[Thu, 30 Oct 2014 16:20:30 -0700] No news update as SUBSEARCH_LINK define false.
[Thu, 30 Oct 2014 16:20:30 -0700] Ensure minimum loop time by sleeping...10
[Thu, 30 Oct 2014 16:20:40 -0700] Checking if news feeds should be updated...
[Thu, 30 Oct 2014 16:20:40 -0700] No news update as SUBSEARCH_LINK define false.
[Thu, 30 Oct 2014 16:20:40 -0700] Ensure minimum loop time by sleeping...10
[Thu, 30 Oct 2014 16:20:50 -0700] Checking if news feeds should be updated...
[Thu, 30 Oct 2014 16:20:50 -0700] No news update as SUBSEARCH_LINK define false.
[Thu, 30 Oct 2014 16:20:50 -0700] Ensure minimum loop time by sleeping...10
[Thu, 30 Oct 2014 16:21:00 -0700] Checking if news feeds should be updated...
[Thu, 30 Oct 2014 16:21:00 -0700] No news update as SUBSEARCH_LINK define false.
[Thu, 30 Oct 2014 16:21:00 -0700] Ensure minimum loop time by sleeping...10
[Thu, 30 Oct 2014 16:21:10 -0700] Checking if news feeds should be updated...
[Thu, 30 Oct 2014 16:21:10 -0700] No news update as SUBSEARCH_LINK define false.
[Thu, 30 Oct 2014 16:21:10 -0700] Ensure minimum loop time by sleeping...10
[Thu, 30 Oct 2014 16:21:20 -0700] Checking if news feeds should be updated...
[Thu, 30 Oct 2014 16:21:20 -0700] No news update as SUBSEARCH_LINK define false.
[Thu, 30 Oct 2014 16:21:20 -0700] Ensure minimum loop time by sleeping...10
[Thu, 30 Oct 2014 16:21:30 -0700] Checking if news feeds should be updated...
[Thu, 30 Oct 2014 16:21:30 -0700] No news update as SUBSEARCH_LINK define false.
[Thu, 30 Oct 2014 16:21:30 -0700] Ensure minimum loop time by sleeping...10
[Thu, 30 Oct 2014 16:21:40 -0700] Checking if news feeds should be updated...
[Thu, 30 Oct 2014 16:21:40 -0700] No news update as SUBSEARCH_LINK define false.
[Thu, 30 Oct 2014 16:21:40 -0700] Ensure minimum loop time by sleeping...10
[Thu, 30 Oct 2014 16:21:50 -0700] Checking if news feeds should be updated...
[Thu, 30 Oct 2014 16:21:50 -0700] No news update as SUBSEARCH_LINK define false.
[Thu, 30 Oct 2014 16:21:50 -0700] Ensure minimum loop time by sleeping...10
[Thu, 30 Oct 2014 16:22:00 -0700] Checking if news feeds should be updated...
[Thu, 30 Oct 2014 16:22:00 -0700] No news update as SUBSEARCH_LINK define false.
[Thu, 30 Oct 2014 16:22:00 -0700] Ensure minimum loop time by sleeping...10
[Thu, 30 Oct 2014 16:22:10 -0700] Checking if news feeds should be updated...
[Thu, 30 Oct 2014 16:22:10 -0700] No news update as SUBSEARCH_LINK define false.
[Thu, 30 Oct 2014 16:22:10 -0700] Ensure minimum loop time by sleeping...10
[Thu, 30 Oct 2014 16:22:20 -0700] Checking if news feeds should be updated...
[Thu, 30 Oct 2014 16:22:20 -0700] No news update as SUBSEARCH_LINK define false.
[Thu, 30 Oct 2014 16:22:20 -0700] Ensure minimum loop time by sleeping...10
[Thu, 30 Oct 2014 16:22:30 -0700] Checking if news feeds should be updated...
[Thu, 30 Oct 2014 16:22:30 -0700] No news update as SUBSEARCH_LINK define false.
[Thu, 30 Oct 2014 16:22:30 -0700] Ensure minimum loop time by sleeping...10
[Thu, 30 Oct 2014 16:22:40 -0700] Checking if news feeds should be updated...
[Thu, 30 Oct 2014 16:22:40 -0700] No news update as SUBSEARCH_LINK define false.
[Thu, 30 Oct 2014 16:22:40 -0700] Ensure minimum loop time by sleeping...10
[Thu, 30 Oct 2014 16:22:50 -0700] Checking if news feeds should be updated...
[Thu, 30 Oct 2014 16:22:50 -0700] No news update as SUBSEARCH_LINK define false.
[Thu, 30 Oct 2014 16:22:50 -0700] Ensure minimum loop time by sleeping...10
[Thu, 30 Oct 2014 16:23:00 -0700] Checking if news feeds should be updated...
[Thu, 30 Oct 2014 16:23:00 -0700] No news update as SUBSEARCH_LINK define false.
[Thu, 30 Oct 2014 16:23:00 -0700] Ensure minimum loop time by sleeping...10
[Thu, 30 Oct 2014 16:23:10 -0700] Checking if news feeds should be updated...
[Thu, 30 Oct 2014 16:23:10 -0700] No news update as SUBSEARCH_LINK define false.
[Thu, 30 Oct 2014 16:23:10 -0700] Ensure minimum loop time by sleeping...10
[Thu, 30 Oct 2014 16:23:20 -0700] Checking if news feeds should be updated...
[Thu, 30 Oct 2014 16:23:20 -0700] No news update as SUBSEARCH_LINK define false.
[Thu, 30 Oct 2014 16:23:20 -0700] Ensure minimum loop time by sleeping...10
[Thu, 30 Oct 2014 16:23:30 -0700] Checking if news feeds should be updated...
[Thu, 30 Oct 2014 16:23:30 -0700] No news update as SUBSEARCH_LINK define false.
[Thu, 30 Oct 2014 16:23:30 -0700] Ensure minimum loop time by sleeping...10
[Thu, 30 Oct 2014 16:23:40 -0700] Checking if news feeds should be updated...
[Thu, 30 Oct 2014 16:23:40 -0700] No news update as SUBSEARCH_LINK define false.
[Thu, 30 Oct 2014 16:23:40 -0700] Ensure minimum loop time by sleeping...10
[Thu, 30 Oct 2014 16:23:50 -0700] Checking if news feeds should be updated...
[Thu, 30 Oct 2014 16:23:50 -0700] No news update as SUBSEARCH_LINK define false.
[Thu, 30 Oct 2014 16:23:50 -0700] Ensure minimum loop time by sleeping...10
[Thu, 30 Oct 2014 16:24:00 -0700] Checking if news feeds should be updated...
[Thu, 30 Oct 2014 16:24:00 -0700] No news update as SUBSEARCH_LINK define false.
[Thu, 30 Oct 2014 16:24:00 -0700] Ensure minimum loop time by sleeping...10
[Thu, 30 Oct 2014 16:24:10 -0700] Checking if news feeds should be updated...
[Thu, 30 Oct 2014 16:24:10 -0700] No news update as SUBSEARCH_LINK define false.
[Thu, 30 Oct 2014 16:24:10 -0700] Ensure minimum loop time by sleeping...10
[Thu, 30 Oct 2014 16:24:20 -0700] Checking if news feeds should be updated...
[Thu, 30 Oct 2014 16:24:20 -0700] No news update as SUBSEARCH_LINK define false.
[Thu, 30 Oct 2014 16:24:20 -0700] Ensure minimum loop time by sleeping...10
[Thu, 30 Oct 2014 16:24:30 -0700] Checking if news feeds should be updated...
[Thu, 30 Oct 2014 16:24:30 -0700] No news update as SUBSEARCH_LINK define false.
[Thu, 30 Oct 2014 16:24:30 -0700] Ensure minimum loop time by sleeping...10
[Thu, 30 Oct 2014 16:24:40 -0700] Checking if news feeds should be updated...
[Thu, 30 Oct 2014 16:24:40 -0700] No news update as SUBSEARCH_LINK define false.
[Thu, 30 Oct 2014 16:24:40 -0700] Ensure minimum loop time by sleeping...10
[Thu, 30 Oct 2014 16:24:50 -0700] Checking if news feeds should be updated...
[Thu, 30 Oct 2014 16:24:50 -0700] No news update as SUBSEARCH_LINK define false.
[Thu, 30 Oct 2014 16:24:50 -0700] Ensure minimum loop time by sleeping...10
[Thu, 30 Oct 2014 16:25:00 -0700] Checking if news feeds should be updated...
[Thu, 30 Oct 2014 16:25:00 -0700] No news update as SUBSEARCH_LINK define false.
[Thu, 30 Oct 2014 16:25:00 -0700] Ensure minimum loop time by sleeping...10
[Thu, 30 Oct 2014 16:25:10 -0700] Checking if news feeds should be updated...
[Thu, 30 Oct 2014 16:25:10 -0700] No news update as SUBSEARCH_LINK define false.
[Thu, 30 Oct 2014 16:25:10 -0700] Ensure minimum loop time by sleeping...10
[Thu, 30 Oct 2014 16:25:20 -0700] Checking if news feeds should be updated...
[Thu, 30 Oct 2014 16:25:20 -0700] No news update as SUBSEARCH_LINK define false.
[Thu, 30 Oct 2014 16:25:20 -0700] Ensure minimum loop time by sleeping...10
[Thu, 30 Oct 2014 16:25:30 -0700] Checking if news feeds should be updated...
[Thu, 30 Oct 2014 16:25:30 -0700] No news update as SUBSEARCH_LINK define false.
[Thu, 30 Oct 2014 16:25:30 -0700] Ensure minimum loop time by sleeping...10
[Thu, 30 Oct 2014 16:25:40 -0700] Checking if news feeds should be updated...
[Thu, 30 Oct 2014 16:25:40 -0700] No news update as SUBSEARCH_LINK define false.
[Thu, 30 Oct 2014 16:25:40 -0700] Ensure minimum loop time by sleeping...10
[Thu, 30 Oct 2014 16:25:50 -0700] Checking if news feeds should be updated...
[Thu, 30 Oct 2014 16:25:50 -0700] No news update as SUBSEARCH_LINK define false.
[Thu, 30 Oct 2014 16:25:50 -0700] Ensure minimum loop time by sleeping...10
[Thu, 30 Oct 2014 16:26:00 -0700] Checking if news feeds should be updated...
[Thu, 30 Oct 2014 16:26:00 -0700] No news update as SUBSEARCH_LINK define false.
[Thu, 30 Oct 2014 16:26:00 -0700] Ensure minimum loop time by sleeping...10
[Thu, 30 Oct 2014 16:26:10 -0700] Checking if news feeds should be updated...
[Thu, 30 Oct 2014 16:26:10 -0700] No news update as SUBSEARCH_LINK define false.
[Thu, 30 Oct 2014 16:26:10 -0700] Ensure minimum loop time by sleeping...10
[Thu, 30 Oct 2014 16:26:20 -0700] Checking if news feeds should be updated...
[Thu, 30 Oct 2014 16:26:20 -0700] No news update as SUBSEARCH_LINK define false.
[Thu, 30 Oct 2014 16:26:20 -0700] Ensure minimum loop time by sleeping...10
[Thu, 30 Oct 2014 16:26:30 -0700] Checking if news feeds should be updated...
[Thu, 30 Oct 2014 16:26:30 -0700] No news update as SUBSEARCH_LINK define false.
[Thu, 30 Oct 2014 16:26:30 -0700] Ensure minimum loop time by sleeping...10
[Thu, 30 Oct 2014 16:26:40 -0700] Checking if news feeds should be updated...
[Thu, 30 Oct 2014 16:26:40 -0700] No news update as SUBSEARCH_LINK define false.
[Thu, 30 Oct 2014 16:26:40 -0700] Ensure minimum loop time by sleeping...10
[Thu, 30 Oct 2014 16:26:50 -0700] Checking if news feeds should be updated...
[Thu, 30 Oct 2014 16:26:50 -0700] No news update as SUBSEARCH_LINK define false.
[Thu, 30 Oct 2014 16:26:50 -0700] Ensure minimum loop time by sleeping...10
[Thu, 30 Oct 2014 16:27:00 -0700] Checking if news feeds should be updated...
[Thu, 30 Oct 2014 16:27:00 -0700] No news update as SUBSEARCH_LINK define false.
[Thu, 30 Oct 2014 16:27:00 -0700] Ensure minimum loop time by sleeping...10
[Thu, 30 Oct 2014 16:27:10 -0700] Checking if news feeds should be updated...
[Thu, 30 Oct 2014 16:27:10 -0700] No news update as SUBSEARCH_LINK define false.
[Thu, 30 Oct 2014 16:27:10 -0700] Ensure minimum loop time by sleeping...10
[Thu, 30 Oct 2014 16:27:20 -0700] Checking if news feeds should be updated...
[Thu, 30 Oct 2014 16:27:20 -0700] No news update as SUBSEARCH_LINK define false.
[Thu, 30 Oct 2014 16:27:20 -0700] Ensure minimum loop time by sleeping...10
[Thu, 30 Oct 2014 16:27:30 -0700] Checking if news feeds should be updated...
[Thu, 30 Oct 2014 16:27:30 -0700] No news update as SUBSEARCH_LINK define false.
[Thu, 30 Oct 2014 16:27:30 -0700] Ensure minimum loop time by sleeping...10
[Thu, 30 Oct 2014 16:27:40 -0700] Checking if news feeds should be updated...
[Thu, 30 Oct 2014 16:27:40 -0700] No news update as SUBSEARCH_LINK define false.
[Thu, 30 Oct 2014 16:27:40 -0700] Ensure minimum loop time by sleeping...10
[Thu, 30 Oct 2014 16:27:50 -0700] Checking if news feeds should be updated...
[Thu, 30 Oct 2014 16:27:50 -0700] No news update as SUBSEARCH_LINK define false.
[Thu, 30 Oct 2014 16:27:50 -0700] Ensure minimum loop time by sleeping...10
[Thu, 30 Oct 2014 16:28:00 -0700] Checking if news feeds should be updated...
[Thu, 30 Oct 2014 16:28:00 -0700] No news update as SUBSEARCH_LINK define false.
[Thu, 30 Oct 2014 16:28:00 -0700] Ensure minimum loop time by sleeping...10
[Thu, 30 Oct 2014 16:28:10 -0700] Checking if news feeds should be updated...
[Thu, 30 Oct 2014 16:28:10 -0700] No news update as SUBSEARCH_LINK define false.
[Thu, 30 Oct 2014 16:28:10 -0700] Ensure minimum loop time by sleeping...10
[Thu, 30 Oct 2014 16:28:20 -0700] Checking if news feeds should be updated...
[Thu, 30 Oct 2014 16:28:20 -0700] No news update as SUBSEARCH_LINK define false.
[Thu, 30 Oct 2014 16:28:20 -0700] Ensure minimum loop time by sleeping...10
[Thu, 30 Oct 2014 16:28:30 -0700] Checking if news feeds should be updated...
[Thu, 30 Oct 2014 16:28:30 -0700] No news update as SUBSEARCH_LINK define false.
[Thu, 30 Oct 2014 16:28:30 -0700] Ensure minimum loop time by sleeping...10
[Thu, 30 Oct 2014 16:28:40 -0700] Checking if news feeds should be updated...
[Thu, 30 Oct 2014 16:28:40 -0700] No news update as SUBSEARCH_LINK define false.
[Thu, 30 Oct 2014 16:28:40 -0700] Ensure minimum loop time by sleeping...10
[Thu, 30 Oct 2014 16:28:50 -0700] Checking if news feeds should be updated...
[Thu, 30 Oct 2014 16:28:50 -0700] No news update as SUBSEARCH_LINK define false.
[Thu, 30 Oct 2014 16:28:50 -0700] Ensure minimum loop time by sleeping...10
[Thu, 30 Oct 2014 16:29:00 -0700] Checking if news feeds should be updated...
[Thu, 30 Oct 2014 16:29:00 -0700] No news update as SUBSEARCH_LINK define false.
[Thu, 30 Oct 2014 16:29:00 -0700] Ensure minimum loop time by sleeping...10
[Thu, 30 Oct 2014 16:29:10 -0700] Checking if news feeds should be updated...
[Thu, 30 Oct 2014 16:29:10 -0700] No news update as SUBSEARCH_LINK define false.
[Thu, 30 Oct 2014 16:29:10 -0700] Ensure minimum loop time by sleeping...10
[Thu, 30 Oct 2014 16:29:20 -0700] Checking if news feeds should be updated...
[Thu, 30 Oct 2014 16:29:20 -0700] No news update as SUBSEARCH_LINK define false.
[Thu, 30 Oct 2014 16:29:20 -0700] Ensure minimum loop time by sleeping...10
[Thu, 30 Oct 2014 16:29:30 -0700] Checking if news feeds should be updated...
[Thu, 30 Oct 2014 16:29:30 -0700] No news update as SUBSEARCH_LINK define false.
[Thu, 30 Oct 2014 16:29:30 -0700] Ensure minimum loop time by sleeping...10
[Thu, 30 Oct 2014 16:29:40 -0700] Checking if news feeds should be updated...
[Thu, 30 Oct 2014 16:29:40 -0700] No news update as SUBSEARCH_LINK define false.
[Thu, 30 Oct 2014 16:29:40 -0700] Ensure minimum loop time by sleeping...10
[Thu, 30 Oct 2014 16:29:50 -0700] Checking if news feeds should be updated...
[Thu, 30 Oct 2014 16:29:50 -0700] No news update as SUBSEARCH_LINK define false.
[Thu, 30 Oct 2014 16:29:50 -0700] Ensure minimum loop time by sleeping...10
[Thu, 30 Oct 2014 16:30:00 -0700] Checking if news feeds should be updated...
[Thu, 30 Oct 2014 16:30:00 -0700] No news update as SUBSEARCH_LINK define false.
[Thu, 30 Oct 2014 16:30:00 -0700] Ensure minimum loop time by sleeping...10
[Thu, 30 Oct 2014 16:30:10 -0700] Checking if news feeds should be updated...
[Thu, 30 Oct 2014 16:30:10 -0700] No news update as SUBSEARCH_LINK define false.
[Thu, 30 Oct 2014 16:30:10 -0700] Ensure minimum loop time by sleeping...10
[Thu, 30 Oct 2014 16:30:20 -0700] Checking if news feeds should be updated...
[Thu, 30 Oct 2014 16:30:20 -0700] No news update as SUBSEARCH_LINK define false.
[Thu, 30 Oct 2014 16:30:20 -0700] Ensure minimum loop time by sleeping...10
[Thu, 30 Oct 2014 16:30:30 -0700] Checking if news feeds should be updated...
[Thu, 30 Oct 2014 16:30:30 -0700] No news update as SUBSEARCH_LINK define false.
[Thu, 30 Oct 2014 16:30:30 -0700] Ensure minimum loop time by sleeping...10
[Thu, 30 Oct 2014 16:30:40 -0700] Checking if news feeds should be updated...
[Thu, 30 Oct 2014 16:30:40 -0700] No news update as SUBSEARCH_LINK define false.
[Thu, 30 Oct 2014 16:30:40 -0700] Ensure minimum loop time by sleeping...10
[Thu, 30 Oct 2014 16:30:50 -0700] Checking if news feeds should be updated...
[Thu, 30 Oct 2014 16:30:50 -0700] No news update as SUBSEARCH_LINK define false.
[Thu, 30 Oct 2014 16:30:50 -0700] Ensure minimum loop time by sleeping...10
[Thu, 30 Oct 2014 16:31:00 -0700] Checking if news feeds should be updated...
[Thu, 30 Oct 2014 16:31:00 -0700] No news update as SUBSEARCH_LINK define false.
[Thu, 30 Oct 2014 16:31:00 -0700] Ensure minimum loop time by sleeping...10
[Thu, 30 Oct 2014 16:31:10 -0700] Checking if news feeds should be updated...
[Thu, 30 Oct 2014 16:31:10 -0700] No news update as SUBSEARCH_LINK define false.
[Thu, 30 Oct 2014 16:31:10 -0700] Ensure minimum loop time by sleeping...10
[Thu, 30 Oct 2014 16:31:20 -0700] Checking if news feeds should be updated...
[Thu, 30 Oct 2014 16:31:20 -0700] No news update as SUBSEARCH_LINK define false.
[Thu, 30 Oct 2014 16:31:20 -0700] Ensure minimum loop time by sleeping...10
[Thu, 30 Oct 2014 16:31:30 -0700] Checking if news feeds should be updated...
[Thu, 30 Oct 2014 16:31:30 -0700] No news update as SUBSEARCH_LINK define false.
[Thu, 30 Oct 2014 16:31:30 -0700] Ensure minimum loop time by sleeping...10
[Thu, 30 Oct 2014 16:31:40 -0700] Checking if news feeds should be updated...
[Thu, 30 Oct 2014 16:31:40 -0700] No news update as SUBSEARCH_LINK define false.
[Thu, 30 Oct 2014 16:31:40 -0700] Ensure minimum loop time by sleeping...10
[Thu, 30 Oct 2014 16:31:50 -0700] Checking if news feeds should be updated...
[Thu, 30 Oct 2014 16:31:50 -0700] No news update as SUBSEARCH_LINK define false.
[Thu, 30 Oct 2014 16:31:50 -0700] Ensure minimum loop time by sleeping...10
[Thu, 30 Oct 2014 16:32:00 -0700] Checking if news feeds should be updated...
[Thu, 30 Oct 2014 16:32:00 -0700] No news update as SUBSEARCH_LINK define false.
[Thu, 30 Oct 2014 16:32:00 -0700] Ensure minimum loop time by sleeping...10
[Thu, 30 Oct 2014 16:32:10 -0700] Checking if news feeds should be updated...
[Thu, 30 Oct 2014 16:32:10 -0700] No news update as SUBSEARCH_LINK define false.
[Thu, 30 Oct 2014 16:32:10 -0700] Ensure minimum loop time by sleeping...10
[Thu, 30 Oct 2014 16:32:20 -0700] Checking if news feeds should be updated...
[Thu, 30 Oct 2014 16:32:20 -0700] No news update as SUBSEARCH_LINK define false.
[Thu, 30 Oct 2014 16:32:20 -0700] Ensure minimum loop time by sleeping...10
[Thu, 30 Oct 2014 16:32:30 -0700] Checking if news feeds should be updated...
[Thu, 30 Oct 2014 16:32:30 -0700] No news update as SUBSEARCH_LINK define false.
[Thu, 30 Oct 2014 16:32:30 -0700] Ensure minimum loop time by sleeping...10
[Thu, 30 Oct 2014 16:32:40 -0700] Checking if news feeds should be updated...
[Thu, 30 Oct 2014 16:32:40 -0700] No news update as SUBSEARCH_LINK define false.
[Thu, 30 Oct 2014 16:32:40 -0700] Ensure minimum loop time by sleeping...10
[Thu, 30 Oct 2014 16:32:50 -0700] Checking if news feeds should be updated...
[Thu, 30 Oct 2014 16:32:50 -0700] No news update as SUBSEARCH_LINK define false.
[Thu, 30 Oct 2014 16:32:50 -0700] Ensure minimum loop time by sleeping...10
[Thu, 30 Oct 2014 16:33:00 -0700] Checking if news feeds should be updated...
[Thu, 30 Oct 2014 16:33:00 -0700] No news update as SUBSEARCH_LINK define false.
[Thu, 30 Oct 2014 16:33:00 -0700] Ensure minimum loop time by sleeping...10
[Thu, 30 Oct 2014 16:33:10 -0700] Checking if news feeds should be updated...
[Thu, 30 Oct 2014 16:33:10 -0700] No news update as SUBSEARCH_LINK define false.
[Thu, 30 Oct 2014 16:33:10 -0700] Ensure minimum loop time by sleeping...10
[Thu, 30 Oct 2014 16:33:20 -0700] Checking if news feeds should be updated...
[Thu, 30 Oct 2014 16:33:20 -0700] No news update as SUBSEARCH_LINK define false.
[Thu, 30 Oct 2014 16:33:20 -0700] Ensure minimum loop time by sleeping...10
[Thu, 30 Oct 2014 16:33:30 -0700] Checking if news feeds should be updated...
[Thu, 30 Oct 2014 16:33:30 -0700] No news update as SUBSEARCH_LINK define false.
[Thu, 30 Oct 2014 16:33:30 -0700] Ensure minimum loop time by sleeping...10
[Thu, 30 Oct 2014 16:33:40 -0700] Checking if news feeds should be updated...
[Thu, 30 Oct 2014 16:33:40 -0700] No news update as SUBSEARCH_LINK define false.
[Thu, 30 Oct 2014 16:33:40 -0700] Ensure minimum loop time by sleeping...10
[Thu, 30 Oct 2014 16:33:50 -0700] Checking if news feeds should be updated...
[Thu, 30 Oct 2014 16:33:50 -0700] No news update as SUBSEARCH_LINK define false.
[Thu, 30 Oct 2014 16:33:50 -0700] Ensure minimum loop time by sleeping...10
[Thu, 30 Oct 2014 16:34:00 -0700] Checking if news feeds should be updated...
[Thu, 30 Oct 2014 16:34:00 -0700] No news update as SUBSEARCH_LINK define false.
[Thu, 30 Oct 2014 16:34:00 -0700] Ensure minimum loop time by sleeping...10
[Thu, 30 Oct 2014 16:34:10 -0700] Checking if news feeds should be updated...
[Thu, 30 Oct 2014 16:34:10 -0700] No news update as SUBSEARCH_LINK define false.
[Thu, 30 Oct 2014 16:34:10 -0700] Ensure minimum loop time by sleeping...10
[Thu, 30 Oct 2014 16:34:20 -0700] Checking if news feeds should be updated...
[Thu, 30 Oct 2014 16:34:20 -0700] No news update as SUBSEARCH_LINK define false.
[Thu, 30 Oct 2014 16:34:20 -0700] Ensure minimum loop time by sleeping...10
[Thu, 30 Oct 2014 16:34:30 -0700] Checking if news feeds should be updated...
[Thu, 30 Oct 2014 16:34:30 -0700] No news update as SUBSEARCH_LINK define false.
[Thu, 30 Oct 2014 16:34:30 -0700] Ensure minimum loop time by sleeping...10
[Thu, 30 Oct 2014 16:34:40 -0700] Checking if news feeds should be updated...
[Thu, 30 Oct 2014 16:34:40 -0700] No news update as SUBSEARCH_LINK define false.
[Thu, 30 Oct 2014 16:34:40 -0700] Ensure minimum loop time by sleeping...10
[Thu, 30 Oct 2014 16:34:50 -0700] Checking if news feeds should be updated...
[Thu, 30 Oct 2014 16:34:50 -0700] No news update as SUBSEARCH_LINK define false.
[Thu, 30 Oct 2014 16:34:50 -0700] Ensure minimum loop time by sleeping...10
[Thu, 30 Oct 2014 16:35:00 -0700] Checking if news feeds should be updated...
[Thu, 30 Oct 2014 16:35:00 -0700] No news update as SUBSEARCH_LINK define false.
[Thu, 30 Oct 2014 16:35:00 -0700] Ensure minimum loop time by sleeping...10
[Thu, 30 Oct 2014 16:35:10 -0700] Checking if news feeds should be updated...
[Thu, 30 Oct 2014 16:35:10 -0700] No news update as SUBSEARCH_LINK define false.
[Thu, 30 Oct 2014 16:35:10 -0700] Ensure minimum loop time by sleeping...10
[Thu, 30 Oct 2014 16:35:20 -0700] Checking if news feeds should be updated...
[Thu, 30 Oct 2014 16:35:20 -0700] No news update as SUBSEARCH_LINK define false.
[Thu, 30 Oct 2014 16:35:20 -0700] Ensure minimum loop time by sleeping...10
[Thu, 30 Oct 2014 16:35:30 -0700] Checking if news feeds should be updated...
[Thu, 30 Oct 2014 16:35:30 -0700] No news update as SUBSEARCH_LINK define false.
[Thu, 30 Oct 2014 16:35:30 -0700] Ensure minimum loop time by sleeping...10
[Thu, 30 Oct 2014 16:35:40 -0700] Checking if news feeds should be updated...
[Thu, 30 Oct 2014 16:35:40 -0700] No news update as SUBSEARCH_LINK define false.
[Thu, 30 Oct 2014 16:35:40 -0700] Ensure minimum loop time by sleeping...10
[Thu, 30 Oct 2014 16:35:50 -0700] Checking if news feeds should be updated...
[Thu, 30 Oct 2014 16:35:50 -0700] No news update as SUBSEARCH_LINK define false.
[Thu, 30 Oct 2014 16:35:50 -0700] Ensure minimum loop time by sleeping...10
[Thu, 30 Oct 2014 16:36:00 -0700] Checking if news feeds should be updated...
[Thu, 30 Oct 2014 16:36:00 -0700] No news update as SUBSEARCH_LINK define false.
[Thu, 30 Oct 2014 16:36:00 -0700] Ensure minimum loop time by sleeping...10
[Thu, 30 Oct 2014 16:36:10 -0700] Checking if news feeds should be updated...
[Thu, 30 Oct 2014 16:36:10 -0700] No news update as SUBSEARCH_LINK define false.
[Thu, 30 Oct 2014 16:36:10 -0700] Ensure minimum loop time by sleeping...10
[Thu, 30 Oct 2014 16:36:20 -0700] Checking if news feeds should be updated...
[Thu, 30 Oct 2014 16:36:20 -0700] No news update as SUBSEARCH_LINK define false.
[Thu, 30 Oct 2014 16:36:20 -0700] Ensure minimum loop time by sleeping...10
[Thu, 30 Oct 2014 16:36:30 -0700] Checking if news feeds should be updated...
[Thu, 30 Oct 2014 16:36:30 -0700] No news update as SUBSEARCH_LINK define false.
[Thu, 30 Oct 2014 16:36:30 -0700] Ensure minimum loop time by sleeping...10
[Thu, 30 Oct 2014 16:36:40 -0700] Checking if news feeds should be updated...
[Thu, 30 Oct 2014 16:36:40 -0700] No news update as SUBSEARCH_LINK define false.
[Thu, 30 Oct 2014 16:36:40 -0700] Ensure minimum loop time by sleeping...10
[Thu, 30 Oct 2014 16:36:50 -0700] Checking if news feeds should be updated...
[Thu, 30 Oct 2014 16:36:50 -0700] No news update as SUBSEARCH_LINK define false.
[Thu, 30 Oct 2014 16:36:50 -0700] Ensure minimum loop time by sleeping...10
[Thu, 30 Oct 2014 16:37:00 -0700] Checking if news feeds should be updated...
[Thu, 30 Oct 2014 16:37:00 -0700] No news update as SUBSEARCH_LINK define false.
[Thu, 30 Oct 2014 16:37:00 -0700] Ensure minimum loop time by sleeping...10
[Thu, 30 Oct 2014 16:37:10 -0700] Checking if news feeds should be updated...
[Thu, 30 Oct 2014 16:37:10 -0700] No news update as SUBSEARCH_LINK define false.
[Thu, 30 Oct 2014 16:37:10 -0700] Ensure minimum loop time by sleeping...10
[Thu, 30 Oct 2014 16:37:20 -0700] Checking if news feeds should be updated...
[Thu, 30 Oct 2014 16:37:20 -0700] No news update as SUBSEARCH_LINK define false.
[Thu, 30 Oct 2014 16:37:20 -0700] Ensure minimum loop time by sleeping...10
[Thu, 30 Oct 2014 16:37:30 -0700] Checking if news feeds should be updated...
[Thu, 30 Oct 2014 16:37:30 -0700] No news update as SUBSEARCH_LINK define false.
[Thu, 30 Oct 2014 16:37:30 -0700] Ensure minimum loop time by sleeping...10
[Thu, 30 Oct 2014 16:37:40 -0700] Checking if news feeds should be updated...
[Thu, 30 Oct 2014 16:37:40 -0700] No news update as SUBSEARCH_LINK define false.
[Thu, 30 Oct 2014 16:37:40 -0700] Ensure minimum loop time by sleeping...10
[Thu, 30 Oct 2014 16:37:50 -0700] Checking if news feeds should be updated...
[Thu, 30 Oct 2014 16:37:50 -0700] No news update as SUBSEARCH_LINK define false.
[Thu, 30 Oct 2014 16:37:50 -0700] Ensure minimum loop time by sleeping...10
[Thu, 30 Oct 2014 16:38:00 -0700] Checking if news feeds should be updated...
[Thu, 30 Oct 2014 16:38:00 -0700] No news update as SUBSEARCH_LINK define false.
[Thu, 30 Oct 2014 16:38:00 -0700] Ensure minimum loop time by sleeping...10
[Thu, 30 Oct 2014 16:38:10 -0700] Checking if news feeds should be updated...
[Thu, 30 Oct 2014 16:38:10 -0700] No news update as SUBSEARCH_LINK define false.
[Thu, 30 Oct 2014 16:38:10 -0700] Ensure minimum loop time by sleeping...10
[Thu, 30 Oct 2014 16:38:20 -0700] Checking if news feeds should be updated...
[Thu, 30 Oct 2014 16:38:20 -0700] No news update as SUBSEARCH_LINK define false.
[Thu, 30 Oct 2014 16:38:20 -0700] Ensure minimum loop time by sleeping...10
[Thu, 30 Oct 2014 16:38:30 -0700] Checking if news feeds should be updated...
[Thu, 30 Oct 2014 16:38:30 -0700] No news update as SUBSEARCH_LINK define false.
[Thu, 30 Oct 2014 16:38:30 -0700] Ensure minimum loop time by sleeping...10
[Thu, 30 Oct 2014 16:38:40 -0700] Checking if news feeds should be updated...
[Thu, 30 Oct 2014 16:38:40 -0700] No news update as SUBSEARCH_LINK define false.
[Thu, 30 Oct 2014 16:38:40 -0700] Ensure minimum loop time by sleeping...10
[Thu, 30 Oct 2014 16:38:50 -0700] Checking if news feeds should be updated...
[Thu, 30 Oct 2014 16:38:50 -0700] No news update as SUBSEARCH_LINK define false.
[Thu, 30 Oct 2014 16:38:50 -0700] Ensure minimum loop time by sleeping...10
[Thu, 30 Oct 2014 16:39:00 -0700] Checking if news feeds should be updated...
[Thu, 30 Oct 2014 16:39:00 -0700] No news update as SUBSEARCH_LINK define false.
[Thu, 30 Oct 2014 16:39:00 -0700] Ensure minimum loop time by sleeping...10
[Thu, 30 Oct 2014 16:39:10 -0700] Checking if news feeds should be updated...
[Thu, 30 Oct 2014 16:39:10 -0700] No news update as SUBSEARCH_LINK define false.
[Thu, 30 Oct 2014 16:39:10 -0700] Ensure minimum loop time by sleeping...10
[Thu, 30 Oct 2014 16:39:20 -0700] Checking if news feeds should be updated...
[Thu, 30 Oct 2014 16:39:20 -0700] No news update as SUBSEARCH_LINK define false.
[Thu, 30 Oct 2014 16:39:20 -0700] Ensure minimum loop time by sleeping...10
[Thu, 30 Oct 2014 16:39:30 -0700] Checking if news feeds should be updated...
[Thu, 30 Oct 2014 16:39:30 -0700] No news update as SUBSEARCH_LINK define false.
[Thu, 30 Oct 2014 16:39:30 -0700] Ensure minimum loop time by sleeping...10
[Thu, 30 Oct 2014 16:39:40 -0700] Checking if news feeds should be updated...
[Thu, 30 Oct 2014 16:39:40 -0700] No news update as SUBSEARCH_LINK define false.
[Thu, 30 Oct 2014 16:39:40 -0700] Ensure minimum loop time by sleeping...10
[Thu, 30 Oct 2014 16:39:50 -0700] Checking if news feeds should be updated...
[Thu, 30 Oct 2014 16:39:50 -0700] No news update as SUBSEARCH_LINK define false.
[Thu, 30 Oct 2014 16:39:50 -0700] Ensure minimum loop time by sleeping...10
[Thu, 30 Oct 2014 16:40:00 -0700] Checking if news feeds should be updated...
[Thu, 30 Oct 2014 16:40:00 -0700] No news update as SUBSEARCH_LINK define false.
[Thu, 30 Oct 2014 16:40:00 -0700] Ensure minimum loop time by sleeping...10
[Thu, 30 Oct 2014 16:40:10 -0700] Checking if news feeds should be updated...
[Thu, 30 Oct 2014 16:40:10 -0700] No news update as SUBSEARCH_LINK define false.
[Thu, 30 Oct 2014 16:40:10 -0700] Ensure minimum loop time by sleeping...10
[Thu, 30 Oct 2014 16:40:20 -0700] Checking if news feeds should be updated...
[Thu, 30 Oct 2014 16:40:20 -0700] No news update as SUBSEARCH_LINK define false.
[Thu, 30 Oct 2014 16:40:20 -0700] Ensure minimum loop time by sleeping...10
[Thu, 30 Oct 2014 17:28:36 -0700] news_updater: 2896 seconds has elapsed since processHandler last called.
[Thu, 30 Oct 2014 17:28:36 -0700] Timeout exceeded...
[Thu, 30 Oct 2014 17:28:36 -0700] Stopping news_updater ...
[Thu, 30 Oct 2014 19:04:07 -0700] 

Initialize logger..
[Thu, 30 Oct 2014 19:04:07 -0700] In News Update Loop
[Thu, 30 Oct 2014 19:04:07 -0700] Checking if news feeds should be updated...
[Thu, 30 Oct 2014 19:04:07 -0700] No news update as SUBSEARCH_LINK define false.
[Thu, 30 Oct 2014 19:04:07 -0700] Ensure minimum loop time by sleeping...10
[Thu, 30 Oct 2014 19:04:17 -0700] Checking if news feeds should be updated...
[Thu, 30 Oct 2014 19:04:17 -0700] No news update as SUBSEARCH_LINK define false.
[Thu, 30 Oct 2014 19:04:17 -0700] Ensure minimum loop time by sleeping...10
[Thu, 30 Oct 2014 19:04:27 -0700] Checking if news feeds should be updated...
[Thu, 30 Oct 2014 19:04:27 -0700] No news update as SUBSEARCH_LINK define false.
[Thu, 30 Oct 2014 19:04:27 -0700] Ensure minimum loop time by sleeping...10
[Thu, 30 Oct 2014 19:04:37 -0700] Checking if news feeds should be updated...
[Thu, 30 Oct 2014 19:04:37 -0700] No news update as SUBSEARCH_LINK define false.
[Thu, 30 Oct 2014 19:04:37 -0700] Ensure minimum loop time by sleeping...10
[Thu, 30 Oct 2014 19:04:47 -0700] Checking if news feeds should be updated...
[Thu, 30 Oct 2014 19:04:47 -0700] No news update as SUBSEARCH_LINK define false.
[Thu, 30 Oct 2014 19:04:47 -0700] Ensure minimum loop time by sleeping...10
[Thu, 30 Oct 2014 19:04:57 -0700] Checking if news feeds should be updated...
[Thu, 30 Oct 2014 19:04:57 -0700] No news update as SUBSEARCH_LINK define false.
[Thu, 30 Oct 2014 19:04:57 -0700] Ensure minimum loop time by sleeping...10
[Thu, 30 Oct 2014 19:05:07 -0700] Checking if news feeds should be updated...
[Thu, 30 Oct 2014 19:05:07 -0700] No news update as SUBSEARCH_LINK define false.
[Thu, 30 Oct 2014 19:05:07 -0700] Ensure minimum loop time by sleeping...10
[Thu, 30 Oct 2014 19:05:17 -0700] Checking if news feeds should be updated...
[Thu, 30 Oct 2014 19:05:17 -0700] No news update as SUBSEARCH_LINK define false.
[Thu, 30 Oct 2014 19:05:17 -0700] Ensure minimum loop time by sleeping...10
[Thu, 30 Oct 2014 19:05:27 -0700] Checking if news feeds should be updated...
[Thu, 30 Oct 2014 19:05:27 -0700] No news update as SUBSEARCH_LINK define false.
[Thu, 30 Oct 2014 19:05:27 -0700] Ensure minimum loop time by sleeping...10
[Thu, 30 Oct 2014 19:05:37 -0700] Checking if news feeds should be updated...
[Thu, 30 Oct 2014 19:05:37 -0700] No news update as SUBSEARCH_LINK define false.
[Thu, 30 Oct 2014 19:05:37 -0700] Ensure minimum loop time by sleeping...10
[Thu, 30 Oct 2014 19:05:47 -0700] Checking if news feeds should be updated...
[Thu, 30 Oct 2014 19:05:47 -0700] No news update as SUBSEARCH_LINK define false.
[Thu, 30 Oct 2014 19:05:47 -0700] Ensure minimum loop time by sleeping...10
[Thu, 30 Oct 2014 19:05:57 -0700] Checking if news feeds should be updated...
[Thu, 30 Oct 2014 19:05:57 -0700] No news update as SUBSEARCH_LINK define false.
[Thu, 30 Oct 2014 19:05:57 -0700] Ensure minimum loop time by sleeping...10
[Thu, 30 Oct 2014 19:06:07 -0700] Checking if news feeds should be updated...
[Thu, 30 Oct 2014 19:06:07 -0700] No news update as SUBSEARCH_LINK define false.
[Thu, 30 Oct 2014 19:06:07 -0700] Ensure minimum loop time by sleeping...10
[Thu, 30 Oct 2014 19:06:17 -0700] Checking if news feeds should be updated...
[Thu, 30 Oct 2014 19:06:17 -0700] No news update as SUBSEARCH_LINK define false.
[Thu, 30 Oct 2014 19:06:17 -0700] Ensure minimum loop time by sleeping...10
[Thu, 30 Oct 2014 19:06:27 -0700] Checking if news feeds should be updated...
[Thu, 30 Oct 2014 19:06:27 -0700] No news update as SUBSEARCH_LINK define false.
[Thu, 30 Oct 2014 19:06:27 -0700] Ensure minimum loop time by sleeping...10
[Thu, 30 Oct 2014 19:06:37 -0700] Stopping news_updater ...
